Expression	Value	Location	Type	
m_bRxFifoPos1	Error (col 1): Unknown or ambiguous symbol. m_bRxFifoPos1			
gbU1RxBuf	<array>""	0x2401C3C0	uint8_t[1024]	
gbU3TxBuf	<array>""	0x2401CFC0	uint8_t[1024]	
gbU1RxFifo	<array>""	0x2401EA40	uint8_t[128]	
m_nAdc1DamIndex	7223	0x2401F4D0	uint32_t	
m_nAdc2DamIndex	4213	0x2401F4D4	uint32_t	
gbU1TxBuf	<array>""	0x2401C7C0	uint8_t[1024]	
gwU1TxCnt	0	0x2401F516	uint16_t	
gstRtc	<struct>	0x2401F3FC	ST_RTC	
glDtRtc	755640564	0x2401F4C4	uint32_t	
glRtcMod	833	0x2401F4C8	uint32_t	
m_nAdc1Cnt	122	0x2401F490	uint32_t	
m_nAdc2Cnt	29671	0x2401F494	uint32_t	
m_nAdc3Cnt	128	0x2401F4A8	uint32_t	
m_nAdcRaw	<array>	0x24018F00	uint16_t[2048]	
m_fftInput	<array>	0x2401B7A8	float[512]	
m_fftOutput	<array>	0x2401BFA8	float[256]	
m_nfftIndex	1671	0x2401F4B8	int	
m_fftAvgArray	<array>	0x24015080	float[2000]	
m_bSocVersion	0x00000000	0x2401F4E0	uint32_t	
m_nVoltageOffset	<array>	0x2401F408	int[3]	
m_nVoltageRms	<array>	0x2401F444	int[3]	
m_nVoltageIns	<array>	0x2401F438	int[3]	
m_nCurrentRms	<array>	0x2401F45C	int[3]	
m_nCurrentIns	<array>	0x2401F450	int[3]	
m_fVoltage	<array>	0x2401F3EC	float[4]	
m_fVoltageInsArray	<array>	0x2401E5C0	float[64]	
m_nSocCnt	4809	0x2401F4DC	uint32_t	
gbReqArcTrip	'\0' (0x00)	0x2401F52B	uint8_t	
gbArcTrip	'\0' (0x00)	0x2401F52A	uint8_t	
m_bDipSw	'.' (0x0F)	0x24000078	uint8_t	
gbReqLed2	'\0' (0x00)	0x2401F530	uint8_t	
gbLed2	'\0' (0x00)	0x2401F531	uint8_t	
gbReqPvRelayP	'\0' (0x00)	0x2401F52C	uint8_t	
gbReqPvRelayN	'\0' (0x00)	0x2401F52D	uint8_t	
m_nLightSumArray	Error (col 1): Unknown or ambiguous symbol. m_nLightSumArray			
gbPvRelayN	'\0' (0x00)	0x2401F52F	uint8_t	
m_strAdcInfo	<struct>	0x2401E6C0	STRUCT_ADC	
m_nArcLightCnt	Error (col 1): Unknown or ambiguous symbol. m_nArcLightCnt			
m_nModbusMap_04	<array>	0x2401E3C0	uint16_t[256]	
m_nArcLightArray	<array>	0x24008080	uint32_t[4096]	
m_nFlashCntArray	<array>	0x24013080	uint16_t[4096]	
m_nLightRaw	<array>	0x24019F00	uint16_t[2048]	
[0]	31	0x24019F00	uint16_t	
[1]	42	0x24019F02	uint16_t	
[2]	42	0x24019F04	uint16_t	
[3]	30	0x24019F06	uint16_t	
[4]	37	0x24019F08	uint16_t	
[5]	45	0x24019F0A	uint16_t	
[6]	33	0x24019F0C	uint16_t	
[7]	40	0x24019F0E	uint16_t	
[8]	38	0x24019F10	uint16_t	
[9]	30	0x24019F12	uint16_t	
[10]	42	0x24019F14	uint16_t	
[11]	31	0x24019F16	uint16_t	
[12]	38	0x24019F18	uint16_t	
[13]	37	0x24019F1A	uint16_t	
[14]	33	0x24019F1C	uint16_t	
[15]	28	0x24019F1E	uint16_t	
[16]	34	0x24019F20	uint16_t	
[17]	26	0x24019F22	uint16_t	
[18]	33	0x24019F24	uint16_t	
[19]	37	0x24019F26	uint16_t	
[20]	39	0x24019F28	uint16_t	
[21]	31	0x24019F2A	uint16_t	
[22]	7	0x24019F2C	uint16_t	
[23]	39	0x24019F2E	uint16_t	
[24]	32	0x24019F30	uint16_t	
[25]	28	0x24019F32	uint16_t	
[26]	34	0x24019F34	uint16_t	
[27]	33	0x24019F36	uint16_t	
[28]	33	0x24019F38	uint16_t	
[29]	32	0x24019F3A	uint16_t	
[30]	40	0x24019F3C	uint16_t	
[31]	23	0x24019F3E	uint16_t	
[32]	34	0x24019F40	uint16_t	
[33]	31	0x24019F42	uint16_t	
[34]	35	0x24019F44	uint16_t	
[35]	30	0x24019F46	uint16_t	
[36]	59	0x24019F48	uint16_t	
[37]	38	0x24019F4A	uint16_t	
[38]	39	0x24019F4C	uint16_t	
[39]	48	0x24019F4E	uint16_t	
[40]	40	0x24019F50	uint16_t	
[41]	49	0x24019F52	uint16_t	
[42]	37	0x24019F54	uint16_t	
[43]	33	0x24019F56	uint16_t	
[44]	33	0x24019F58	uint16_t	
[45]	38	0x24019F5A	uint16_t	
[46]	29	0x24019F5C	uint16_t	
[47]	35	0x24019F5E	uint16_t	
[48]	29	0x24019F60	uint16_t	
[49]	34	0x24019F62	uint16_t	
[50]	38	0x24019F64	uint16_t	
[51]	37	0x24019F66	uint16_t	
[52]	38	0x24019F68	uint16_t	
[53]	42	0x24019F6A	uint16_t	
[54]	38	0x24019F6C	uint16_t	
[55]	36	0x24019F6E	uint16_t	
[56]	31	0x24019F70	uint16_t	
[57]	42	0x24019F72	uint16_t	
[58]	37	0x24019F74	uint16_t	
[59]	32	0x24019F76	uint16_t	
[60]	31	0x24019F78	uint16_t	
[61]	32	0x24019F7A	uint16_t	
[62]	30	0x24019F7C	uint16_t	
[63]	35	0x24019F7E	uint16_t	
[64]	35	0x24019F80	uint16_t	
[65]	30	0x24019F82	uint16_t	
[66]	31	0x24019F84	uint16_t	
[67]	32	0x24019F86	uint16_t	
[68]	36	0x24019F88	uint16_t	
[69]	34	0x24019F8A	uint16_t	
[70]	43	0x24019F8C	uint16_t	
[71]	23	0x24019F8E	uint16_t	
[72]	37	0x24019F90	uint16_t	
[73]	36	0x24019F92	uint16_t	
[74]	37	0x24019F94	uint16_t	
[75]	57	0x24019F96	uint16_t	
[76]	32	0x24019F98	uint16_t	
[77]	34	0x24019F9A	uint16_t	
[78]	32	0x24019F9C	uint16_t	
[79]	37	0x24019F9E	uint16_t	
[80]	52	0x24019FA0	uint16_t	
[81]	35	0x24019FA2	uint16_t	
[82]	38	0x24019FA4	uint16_t	
[83]	31	0x24019FA6	uint16_t	
[84]	44	0x24019FA8	uint16_t	
[85]	30	0x24019FAA	uint16_t	
[86]	41	0x24019FAC	uint16_t	
[87]	36	0x24019FAE	uint16_t	
[88]	32	0x24019FB0	uint16_t	
[89]	41	0x24019FB2	uint16_t	
[90]	44	0x24019FB4	uint16_t	
[91]	42	0x24019FB6	uint16_t	
[92]	60	0x24019FB8	uint16_t	
[93]	40	0x24019FBA	uint16_t	
[94]	36	0x24019FBC	uint16_t	
[95]	30	0x24019FBE	uint16_t	
[96]	37	0x24019FC0	uint16_t	
[97]	39	0x24019FC2	uint16_t	
[98]	32	0x24019FC4	uint16_t	
[99]	36	0x24019FC6	uint16_t	
[100]	36	0x24019FC8	uint16_t	
[101]	32	0x24019FCA	uint16_t	
[102]	40	0x24019FCC	uint16_t	
[103]	38	0x24019FCE	uint16_t	
[104]	37	0x24019FD0	uint16_t	
[105]	36	0x24019FD2	uint16_t	
[106]	42	0x24019FD4	uint16_t	
[107]	36	0x24019FD6	uint16_t	
[108]	40	0x24019FD8	uint16_t	
[109]	39	0x24019FDA	uint16_t	
[110]	30	0x24019FDC	uint16_t	
[111]	29	0x24019FDE	uint16_t	
[112]	39	0x24019FE0	uint16_t	
[113]	24	0x24019FE2	uint16_t	
[114]	36	0x24019FE4	uint16_t	
[115]	28	0x24019FE6	uint16_t	
[116]	31	0x24019FE8	uint16_t	
[117]	31	0x24019FEA	uint16_t	
[118]	32	0x24019FEC	uint16_t	
[119]	38	0x24019FEE	uint16_t	
[120]	39	0x24019FF0	uint16_t	
[121]	22	0x24019FF2	uint16_t	
[122]	37	0x24019FF4	uint16_t	
[123]	32	0x24019FF6	uint16_t	
[124]	44	0x24019FF8	uint16_t	
[125]	35	0x24019FFA	uint16_t	
[126]	43	0x24019FFC	uint16_t	
[127]	27	0x24019FFE	uint16_t	
[128]	42	0x2401A000	uint16_t	
[129]	35	0x2401A002	uint16_t	
[130]	36	0x2401A004	uint16_t	
[131]	39	0x2401A006	uint16_t	
[132]	38	0x2401A008	uint16_t	
[133]	27	0x2401A00A	uint16_t	
[134]	41	0x2401A00C	uint16_t	
[135]	31	0x2401A00E	uint16_t	
[136]	31	0x2401A010	uint16_t	
[137]	43	0x2401A012	uint16_t	
[138]	69	0x2401A014	uint16_t	
[139]	45	0x2401A016	uint16_t	
[140]	46	0x2401A018	uint16_t	
[141]	34	0x2401A01A	uint16_t	
[142]	35	0x2401A01C	uint16_t	
[143]	29	0x2401A01E	uint16_t	
[144]	34	0x2401A020	uint16_t	
[145]	38	0x2401A022	uint16_t	
[146]	31	0x2401A024	uint16_t	
[147]	34	0x2401A026	uint16_t	
[148]	33	0x2401A028	uint16_t	
[149]	31	0x2401A02A	uint16_t	
[150]	39	0x2401A02C	uint16_t	
[151]	43	0x2401A02E	uint16_t	
[152]	40	0x2401A030	uint16_t	
[153]	44	0x2401A032	uint16_t	
[154]	31	0x2401A034	uint16_t	
[155]	30	0x2401A036	uint16_t	
[156]	35	0x2401A038	uint16_t	
[157]	40	0x2401A03A	uint16_t	
[158]	44	0x2401A03C	uint16_t	
[159]	25	0x2401A03E	uint16_t	
[160]	36	0x2401A040	uint16_t	
[161]	15	0x2401A042	uint16_t	
[162]	46	0x2401A044	uint16_t	
[163]	40	0x2401A046	uint16_t	
[164]	36	0x2401A048	uint16_t	
[165]	34	0x2401A04A	uint16_t	
[166]	35	0x2401A04C	uint16_t	
[167]	37	0x2401A04E	uint16_t	
[168]	35	0x2401A050	uint16_t	
[169]	37	0x2401A052	uint16_t	
[170]	36	0x2401A054	uint16_t	
[171]	26	0x2401A056	uint16_t	
[172]	39	0x2401A058	uint16_t	
[173]	23	0x2401A05A	uint16_t	
[174]	31	0x2401A05C	uint16_t	
[175]	37	0x2401A05E	uint16_t	
[176]	40	0x2401A060	uint16_t	
[177]	34	0x2401A062	uint16_t	
[178]	30	0x2401A064	uint16_t	
[179]	39	0x2401A066	uint16_t	
[180]	32	0x2401A068	uint16_t	
[181]	40	0x2401A06A	uint16_t	
[182]	39	0x2401A06C	uint16_t	
[183]	27	0x2401A06E	uint16_t	
[184]	37	0x2401A070	uint16_t	
[185]	33	0x2401A072	uint16_t	
[186]	42	0x2401A074	uint16_t	
[187]	39	0x2401A076	uint16_t	
[188]	32	0x2401A078	uint16_t	
[189]	30	0x2401A07A	uint16_t	
[190]	31	0x2401A07C	uint16_t	
[191]	41	0x2401A07E	uint16_t	
[192]	39	0x2401A080	uint16_t	
[193]	32	0x2401A082	uint16_t	
[194]	40	0x2401A084	uint16_t	
[195]	31	0x2401A086	uint16_t	
[196]	33	0x2401A088	uint16_t	
[197]	42	0x2401A08A	uint16_t	
[198]	26	0x2401A08C	uint16_t	
[199]	31	0x2401A08E	uint16_t	
[200]	40	0x2401A090	uint16_t	
[201]	37	0x2401A092	uint16_t	
[202]	35	0x2401A094	uint16_t	
[203]	30	0x2401A096	uint16_t	
[204]	31	0x2401A098	uint16_t	
[205]	38	0x2401A09A	uint16_t	
[206]	31	0x2401A09C	uint16_t	
[207]	39	0x2401A09E	uint16_t	
[208]	32	0x2401A0A0	uint16_t	
[209]	30	0x2401A0A2	uint16_t	
[210]	36	0x2401A0A4	uint16_t	
[211]	48	0x2401A0A6	uint16_t	
[212]	56	0x2401A0A8	uint16_t	
[213]	30	0x2401A0AA	uint16_t	
[214]	31	0x2401A0AC	uint16_t	
[215]	35	0x2401A0AE	uint16_t	
[216]	38	0x2401A0B0	uint16_t	
[217]	40	0x2401A0B2	uint16_t	
[218]	31	0x2401A0B4	uint16_t	
[219]	30	0x2401A0B6	uint16_t	
[220]	43	0x2401A0B8	uint16_t	
[221]	40	0x2401A0BA	uint16_t	
[222]	30	0x2401A0BC	uint16_t	
[223]	29	0x2401A0BE	uint16_t	
[224]	33	0x2401A0C0	uint16_t	
[225]	36	0x2401A0C2	uint16_t	
[226]	44	0x2401A0C4	uint16_t	
[227]	30	0x2401A0C6	uint16_t	
[228]	30	0x2401A0C8	uint16_t	
[229]	37	0x2401A0CA	uint16_t	
[230]	38	0x2401A0CC	uint16_t	
[231]	35	0x2401A0CE	uint16_t	
[232]	44	0x2401A0D0	uint16_t	
[233]	36	0x2401A0D2	uint16_t	
[234]	35	0x2401A0D4	uint16_t	
[235]	48	0x2401A0D6	uint16_t	
[236]	34	0x2401A0D8	uint16_t	
[237]	40	0x2401A0DA	uint16_t	
[238]	35	0x2401A0DC	uint16_t	
[239]	35	0x2401A0DE	uint16_t	
[240]	40	0x2401A0E0	uint16_t	
[241]	31	0x2401A0E2	uint16_t	
[242]	44	0x2401A0E4	uint16_t	
[243]	38	0x2401A0E6	uint16_t	
[244]	37	0x2401A0E8	uint16_t	
[245]	31	0x2401A0EA	uint16_t	
[246]	37	0x2401A0EC	uint16_t	
[247]	46	0x2401A0EE	uint16_t	
[248]	39	0x2401A0F0	uint16_t	
[249]	35	0x2401A0F2	uint16_t	
[250]	0	0x2401A0F4	uint16_t	
[251]	34	0x2401A0F6	uint16_t	
[252]	39	0x2401A0F8	uint16_t	
[253]	51	0x2401A0FA	uint16_t	
[254]	33	0x2401A0FC	uint16_t	
[255]	38	0x2401A0FE	uint16_t	
[256]	38	0x2401A100	uint16_t	
[257]	36	0x2401A102	uint16_t	
[258]	44	0x2401A104	uint16_t	
[259]	46	0x2401A106	uint16_t	
[260]	30	0x2401A108	uint16_t	
[261]	39	0x2401A10A	uint16_t	
[262]	38	0x2401A10C	uint16_t	
[263]	37	0x2401A10E	uint16_t	
[264]	44	0x2401A110	uint16_t	
[265]	41	0x2401A112	uint16_t	
[266]	40	0x2401A114	uint16_t	
[267]	40	0x2401A116	uint16_t	
[268]	40	0x2401A118	uint16_t	
[269]	30	0x2401A11A	uint16_t	
[270]	39	0x2401A11C	uint16_t	
[271]	29	0x2401A11E	uint16_t	
[272]	32	0x2401A120	uint16_t	
[273]	30	0x2401A122	uint16_t	
[274]	50	0x2401A124	uint16_t	
[275]	29	0x2401A126	uint16_t	
[276]	37	0x2401A128	uint16_t	
[277]	31	0x2401A12A	uint16_t	
[278]	31	0x2401A12C	uint16_t	
[279]	40	0x2401A12E	uint16_t	
[280]	36	0x2401A130	uint16_t	
[281]	38	0x2401A132	uint16_t	
[282]	40	0x2401A134	uint16_t	
[283]	35	0x2401A136	uint16_t	
[284]	36	0x2401A138	uint16_t	
[285]	29	0x2401A13A	uint16_t	
[286]	36	0x2401A13C	uint16_t	
[287]	32	0x2401A13E	uint16_t	
[288]	37	0x2401A140	uint16_t	
[289]	30	0x2401A142	uint16_t	
[290]	35	0x2401A144	uint16_t	
[291]	40	0x2401A146	uint16_t	
[292]	32	0x2401A148	uint16_t	
[293]	22	0x2401A14A	uint16_t	
[294]	31	0x2401A14C	uint16_t	
[295]	19	0x2401A14E	uint16_t	
[296]	38	0x2401A150	uint16_t	
[297]	39	0x2401A152	uint16_t	
[298]	37	0x2401A154	uint16_t	
[299]	31	0x2401A156	uint16_t	
[300]	0	0x2401A158	uint16_t	
[301]	31	0x2401A15A	uint16_t	
[302]	36	0x2401A15C	uint16_t	
[303]	35	0x2401A15E	uint16_t	
[304]	44	0x2401A160	uint16_t	
[305]	35	0x2401A162	uint16_t	
[306]	32	0x2401A164	uint16_t	
[307]	37	0x2401A166	uint16_t	
[308]	27	0x2401A168	uint16_t	
[309]	31	0x2401A16A	uint16_t	
[310]	33	0x2401A16C	uint16_t	
[311]	40	0x2401A16E	uint16_t	
[312]	30	0x2401A170	uint16_t	
[313]	37	0x2401A172	uint16_t	
[314]	27	0x2401A174	uint16_t	
[315]	26	0x2401A176	uint16_t	
[316]	35	0x2401A178	uint16_t	
[317]	34	0x2401A17A	uint16_t	
[318]	38	0x2401A17C	uint16_t	
[319]	23	0x2401A17E	uint16_t	
[320]	36	0x2401A180	uint16_t	
[321]	34	0x2401A182	uint16_t	
[322]	40	0x2401A184	uint16_t	
[323]	39	0x2401A186	uint16_t	
[324]	32	0x2401A188	uint16_t	
[325]	35	0x2401A18A	uint16_t	
[326]	40	0x2401A18C	uint16_t	
[327]	39	0x2401A18E	uint16_t	
[328]	31	0x2401A190	uint16_t	
[329]	33	0x2401A192	uint16_t	
[330]	30	0x2401A194	uint16_t	
[331]	37	0x2401A196	uint16_t	
[332]	35	0x2401A198	uint16_t	
[333]	44	0x2401A19A	uint16_t	
[334]	22	0x2401A19C	uint16_t	
[335]	34	0x2401A19E	uint16_t	
[336]	36	0x2401A1A0	uint16_t	
[337]	48	0x2401A1A2	uint16_t	
[338]	46	0x2401A1A4	uint16_t	
[339]	28	0x2401A1A6	uint16_t	
[340]	31	0x2401A1A8	uint16_t	
[341]	31	0x2401A1AA	uint16_t	
[342]	40	0x2401A1AC	uint16_t	
[343]	64	0x2401A1AE	uint16_t	
[344]	37	0x2401A1B0	uint16_t	
[345]	38	0x2401A1B2	uint16_t	
[346]	36	0x2401A1B4	uint16_t	
[347]	41	0x2401A1B6	uint16_t	
[348]	31	0x2401A1B8	uint16_t	
[349]	35	0x2401A1BA	uint16_t	
[350]	31	0x2401A1BC	uint16_t	
[351]	27	0x2401A1BE	uint16_t	
[352]	33	0x2401A1C0	uint16_t	
[353]	26	0x2401A1C2	uint16_t	
[354]	32	0x2401A1C4	uint16_t	
[355]	36	0x2401A1C6	uint16_t	
[356]	36	0x2401A1C8	uint16_t	
[357]	28	0x2401A1CA	uint16_t	
[358]	26	0x2401A1CC	uint16_t	
[359]	31	0x2401A1CE	uint16_t	
[360]	33	0x2401A1D0	uint16_t	
[361]	31	0x2401A1D2	uint16_t	
[362]	36	0x2401A1D4	uint16_t	
[363]	42	0x2401A1D6	uint16_t	
[364]	34	0x2401A1D8	uint16_t	
[365]	28	0x2401A1DA	uint16_t	
[366]	41	0x2401A1DC	uint16_t	
[367]	35	0x2401A1DE	uint16_t	
[368]	38	0x2401A1E0	uint16_t	
[369]	32	0x2401A1E2	uint16_t	
[370]	30	0x2401A1E4	uint16_t	
[371]	30	0x2401A1E6	uint16_t	
[372]	32	0x2401A1E8	uint16_t	
[373]	43	0x2401A1EA	uint16_t	
[374]	37	0x2401A1EC	uint16_t	
[375]	32	0x2401A1EE	uint16_t	
[376]	38	0x2401A1F0	uint16_t	
[377]	31	0x2401A1F2	uint16_t	
[378]	40	0x2401A1F4	uint16_t	
[379]	31	0x2401A1F6	uint16_t	
[380]	42	0x2401A1F8	uint16_t	
[381]	9	0x2401A1FA	uint16_t	
[382]	31	0x2401A1FC	uint16_t	
[383]	38	0x2401A1FE	uint16_t	
[384]	36	0x2401A200	uint16_t	
[385]	30	0x2401A202	uint16_t	
[386]	35	0x2401A204	uint16_t	
[387]	34	0x2401A206	uint16_t	
[388]	38	0x2401A208	uint16_t	
[389]	32	0x2401A20A	uint16_t	
[390]	65	0x2401A20C	uint16_t	
[391]	33	0x2401A20E	uint16_t	
[392]	39	0x2401A210	uint16_t	
[393]	56	0x2401A212	uint16_t	
[394]	41	0x2401A214	uint16_t	
[395]	23	0x2401A216	uint16_t	
[396]	40	0x2401A218	uint16_t	
[397]	25	0x2401A21A	uint16_t	
[398]	36	0x2401A21C	uint16_t	
[399]	21	0x2401A21E	uint16_t	
[400]	9553	0x2401A220	uint16_t	
[401]	9544	0x2401A222	uint16_t	
[402]	9547	0x2401A224	uint16_t	
[403]	9538	0x2401A226	uint16_t	
[404]	9570	0x2401A228	uint16_t	
[405]	9557	0x2401A22A	uint16_t	
[406]	9521	0x2401A22C	uint16_t	
[407]	9500	0x2401A22E	uint16_t	
[408]	9573	0x2401A230	uint16_t	
[409]	9537	0x2401A232	uint16_t	
[410]	9585	0x2401A234	uint16_t	
[411]	9532	0x2401A236	uint16_t	
[412]	9594	0x2401A238	uint16_t	
[413]	9562	0x2401A23A	uint16_t	
[414]	9548	0x2401A23C	uint16_t	
[415]	9613	0x2401A23E	uint16_t	
[416]	9485	0x2401A240	uint16_t	
[417]	9523	0x2401A242	uint16_t	
[418]	9545	0x2401A244	uint16_t	
[419]	9552	0x2401A246	uint16_t	
[420]	9539	0x2401A248	uint16_t	
[421]	9550	0x2401A24A	uint16_t	
[422]	9564	0x2401A24C	uint16_t	
[423]	9504	0x2401A24E	uint16_t	
[424]	9543	0x2401A250	uint16_t	
[425]	9525	0x2401A252	uint16_t	
[426]	9514	0x2401A254	uint16_t	
[427]	9519	0x2401A256	uint16_t	
[428]	9519	0x2401A258	uint16_t	
[429]	9551	0x2401A25A	uint16_t	
[430]	9525	0x2401A25C	uint16_t	
[431]	9507	0x2401A25E	uint16_t	
[432]	9519	0x2401A260	uint16_t	
[433]	9563	0x2401A262	uint16_t	
[434]	9517	0x2401A264	uint16_t	
[435]	9496	0x2401A266	uint16_t	
[436]	9548	0x2401A268	uint16_t	
[437]	9552	0x2401A26A	uint16_t	
[438]	9544	0x2401A26C	uint16_t	
[439]	9559	0x2401A26E	uint16_t	
[440]	9518	0x2401A270	uint16_t	
[441]	9549	0x2401A272	uint16_t	
[442]	9564	0x2401A274	uint16_t	
[443]	9537	0x2401A276	uint16_t	
[444]	9520	0x2401A278	uint16_t	
[445]	9485	0x2401A27A	uint16_t	
[446]	221	0x2401A27C	uint16_t	
[447]	36	0x2401A27E	uint16_t	
[448]	39	0x2401A280	uint16_t	
[449]	36	0x2401A282	uint16_t	
[450]	23	0x2401A284	uint16_t	
[451]	37	0x2401A286	uint16_t	
[452]	39	0x2401A288	uint16_t	
[453]	34	0x2401A28A	uint16_t	
[454]	34	0x2401A28C	uint16_t	
[455]	29	0x2401A28E	uint16_t	
[456]	29	0x2401A290	uint16_t	
[457]	33	0x2401A292	uint16_t	
[458]	41	0x2401A294	uint16_t	
[459]	39	0x2401A296	uint16_t	
[460]	27	0x2401A298	uint16_t	
[461]	30	0x2401A29A	uint16_t	
[462]	35	0x2401A29C	uint16_t	
[463]	35	0x2401A29E	uint16_t	
[464]	58	0x2401A2A0	uint16_t	
[465]	0	0x2401A2A2	uint16_t	
[466]	32	0x2401A2A4	uint16_t	
[467]	36	0x2401A2A6	uint16_t	
[468]	48	0x2401A2A8	uint16_t	
[469]	28	0x2401A2AA	uint16_t	
[470]	22	0x2401A2AC	uint16_t	
[471]	36	0x2401A2AE	uint16_t	
[472]	40	0x2401A2B0	uint16_t	
[473]	38	0x2401A2B2	uint16_t	
[474]	37	0x2401A2B4	uint16_t	
[475]	32	0x2401A2B6	uint16_t	
[476]	32	0x2401A2B8	uint16_t	
[477]	36	0x2401A2BA	uint16_t	
[478]	36	0x2401A2BC	uint16_t	
[479]	56	0x2401A2BE	uint16_t	
[480]	31	0x2401A2C0	uint16_t	
[481]	39	0x2401A2C2	uint16_t	
[482]	38	0x2401A2C4	uint16_t	
[483]	37	0x2401A2C6	uint16_t	
[484]	28	0x2401A2C8	uint16_t	
[485]	40	0x2401A2CA	uint16_t	
[486]	36	0x2401A2CC	uint16_t	
[487]	38	0x2401A2CE	uint16_t	
[488]	40	0x2401A2D0	uint16_t	
[489]	30	0x2401A2D2	uint16_t	
[490]	58	0x2401A2D4	uint16_t	
[491]	35	0x2401A2D6	uint16_t	
[492]	45	0x2401A2D8	uint16_t	
[493]	37	0x2401A2DA	uint16_t	
[494]	25	0x2401A2DC	uint16_t	
[495]	35	0x2401A2DE	uint16_t	
[496]	32	0x2401A2E0	uint16_t	
[497]	35	0x2401A2E2	uint16_t	
[498]	56	0x2401A2E4	uint16_t	
[499]	0	0x2401A2E6	uint16_t	
[500]	32	0x2401A2E8	uint16_t	
[501]	34	0x2401A2EA	uint16_t	
[502]	39	0x2401A2EC	uint16_t	
[503]	36	0x2401A2EE	uint16_t	
[504]	0	0x2401A2F0	uint16_t	
[505]	27	0x2401A2F2	uint16_t	
[506]	26	0x2401A2F4	uint16_t	
[507]	38	0x2401A2F6	uint16_t	
[508]	33	0x2401A2F8	uint16_t	
[509]	32	0x2401A2FA	uint16_t	
[510]	32	0x2401A2FC	uint16_t	
[511]	41	0x2401A2FE	uint16_t	
[512]	39	0x2401A300	uint16_t	
[513]	25	0x2401A302	uint16_t	
[514]	24	0x2401A304	uint16_t	
[515]	40	0x2401A306	uint16_t	
[516]	38	0x2401A308	uint16_t	
[517]	29	0x2401A30A	uint16_t	
[518]	23	0x2401A30C	uint16_t	
[519]	35	0x2401A30E	uint16_t	
[520]	29	0x2401A310	uint16_t	
[521]	32	0x2401A312	uint16_t	
[522]	38	0x2401A314	uint16_t	
[523]	27	0x2401A316	uint16_t	
[524]	36	0x2401A318	uint16_t	
[525]	35	0x2401A31A	uint16_t	
[526]	34	0x2401A31C	uint16_t	
[527]	42	0x2401A31E	uint16_t	
[528]	30	0x2401A320	uint16_t	
[529]	30	0x2401A322	uint16_t	
[530]	36	0x2401A324	uint16_t	
[531]	39	0x2401A326	uint16_t	
[532]	41	0x2401A328	uint16_t	
[533]	32	0x2401A32A	uint16_t	
[534]	37	0x2401A32C	uint16_t	
[535]	35	0x2401A32E	uint16_t	
[536]	36	0x2401A330	uint16_t	
[537]	52	0x2401A332	uint16_t	
[538]	27	0x2401A334	uint16_t	
[539]	38	0x2401A336	uint16_t	
[540]	39	0x2401A338	uint16_t	
[541]	38	0x2401A33A	uint16_t	
[542]	70	0x2401A33C	uint16_t	
[543]	2	0x2401A33E	uint16_t	
[544]	33	0x2401A340	uint16_t	
[545]	35	0x2401A342	uint16_t	
[546]	38	0x2401A344	uint16_t	
[547]	25	0x2401A346	uint16_t	
[548]	24	0x2401A348	uint16_t	
[549]	35	0x2401A34A	uint16_t	
[550]	37	0x2401A34C	uint16_t	
[551]	31	0x2401A34E	uint16_t	
[552]	29	0x2401A350	uint16_t	
[553]	34	0x2401A352	uint16_t	
[554]	36	0x2401A354	uint16_t	
[555]	40	0x2401A356	uint16_t	
[556]	42	0x2401A358	uint16_t	
[557]	32	0x2401A35A	uint16_t	
[558]	31	0x2401A35C	uint16_t	
[559]	37	0x2401A35E	uint16_t	
[560]	41	0x2401A360	uint16_t	
[561]	42	0x2401A362	uint16_t	
[562]	30	0x2401A364	uint16_t	
[563]	37	0x2401A366	uint16_t	
[564]	40	0x2401A368	uint16_t	
[565]	41	0x2401A36A	uint16_t	
[566]	40	0x2401A36C	uint16_t	
[567]	30	0x2401A36E	uint16_t	
[568]	31	0x2401A370	uint16_t	
[569]	29	0x2401A372	uint16_t	
[570]	39	0x2401A374	uint16_t	
[571]	38	0x2401A376	uint16_t	
[572]	32	0x2401A378	uint16_t	
[573]	27	0x2401A37A	uint16_t	
[574]	37	0x2401A37C	uint16_t	
[575]	41	0x2401A37E	uint16_t	
[576]	39	0x2401A380	uint16_t	
[577]	30	0x2401A382	uint16_t	
[578]	36	0x2401A384	uint16_t	
[579]	37	0x2401A386	uint16_t	
[580]	36	0x2401A388	uint16_t	
[581]	68	0x2401A38A	uint16_t	
[582]	0	0x2401A38C	uint16_t	
[583]	31	0x2401A38E	uint16_t	
[584]	31	0x2401A390	uint16_t	
[585]	33	0x2401A392	uint16_t	
[586]	40	0x2401A394	uint16_t	
[587]	13	0x2401A396	uint16_t	
[588]	44	0x2401A398	uint16_t	
[589]	36	0x2401A39A	uint16_t	
[590]	39	0x2401A39C	uint16_t	
[591]	26	0x2401A39E	uint16_t	
[592]	29	0x2401A3A0	uint16_t	
[593]	35	0x2401A3A2	uint16_t	
[594]	35	0x2401A3A4	uint16_t	
[595]	42	0x2401A3A6	uint16_t	
[596]	35	0x2401A3A8	uint16_t	
[597]	58	0x2401A3AA	uint16_t	
[598]	33	0x2401A3AC	uint16_t	
[599]	41	0x2401A3AE	uint16_t	
[600]	36	0x2401A3B0	uint16_t	
[601]	29	0x2401A3B2	uint16_t	
[602]	33	0x2401A3B4	uint16_t	
[603]	35	0x2401A3B6	uint16_t	
[604]	38	0x2401A3B8	uint16_t	
[605]	40	0x2401A3BA	uint16_t	
[606]	30	0x2401A3BC	uint16_t	
[607]	34	0x2401A3BE	uint16_t	
[608]	39	0x2401A3C0	uint16_t	
[609]	36	0x2401A3C2	uint16_t	
[610]	32	0x2401A3C4	uint16_t	
[611]	26	0x2401A3C6	uint16_t	
[612]	36	0x2401A3C8	uint16_t	
[613]	36	0x2401A3CA	uint16_t	
[614]	35	0x2401A3CC	uint16_t	
[615]	40	0x2401A3CE	uint16_t	
[616]	31	0x2401A3D0	uint16_t	
[617]	34	0x2401A3D2	uint16_t	
[618]	38	0x2401A3D4	uint16_t	
[619]	35	0x2401A3D6	uint16_t	
[620]	34	0x2401A3D8	uint16_t	
[621]	25	0x2401A3DA	uint16_t	
[622]	39	0x2401A3DC	uint16_t	
[623]	33	0x2401A3DE	uint16_t	
[624]	34	0x2401A3E0	uint16_t	
[625]	62	0x2401A3E2	uint16_t	
[626]	0	0x2401A3E4	uint16_t	
[627]	34	0x2401A3E6	uint16_t	
[628]	38	0x2401A3E8	uint16_t	
[629]	40	0x2401A3EA	uint16_t	
[630]	34	0x2401A3EC	uint16_t	
[631]	22	0x2401A3EE	uint16_t	
[632]	35	0x2401A3F0	uint16_t	
[633]	37	0x2401A3F2	uint16_t	
[634]	40	0x2401A3F4	uint16_t	
[635]	27	0x2401A3F6	uint16_t	
[636]	26	0x2401A3F8	uint16_t	
[637]	30	0x2401A3FA	uint16_t	
[638]	64	0x2401A3FC	uint16_t	
[639]	32	0x2401A3FE	uint16_t	
[640]	20	0x2401A400	uint16_t	
[641]	37	0x2401A402	uint16_t	
[642]	38	0x2401A404	uint16_t	
[643]	36	0x2401A406	uint16_t	
[644]	34	0x2401A408	uint16_t	
[645]	35	0x2401A40A	uint16_t	
[646]	40	0x2401A40C	uint16_t	
[647]	41	0x2401A40E	uint16_t	
[648]	14	0x2401A410	uint16_t	
[649]	33	0x2401A412	uint16_t	
[650]	42	0x2401A414	uint16_t	
[651]	64	0x2401A416	uint16_t	
[652]	36	0x2401A418	uint16_t	
[653]	41	0x2401A41A	uint16_t	
[654]	45	0x2401A41C	uint16_t	
[655]	41	0x2401A41E	uint16_t	
[656]	47	0x2401A420	uint16_t	
[657]	43	0x2401A422	uint16_t	
[658]	45	0x2401A424	uint16_t	
[659]	40	0x2401A426	uint16_t	
[660]	33	0x2401A428	uint16_t	
[661]	41	0x2401A42A	uint16_t	
[662]	34	0x2401A42C	uint16_t	
[663]	57	0x2401A42E	uint16_t	
[664]	38	0x2401A430	uint16_t	
[665]	34	0x2401A432	uint16_t	
[666]	43	0x2401A434	uint16_t	
[667]	49	0x2401A436	uint16_t	
[668]	34	0x2401A438	uint16_t	
[669]	35	0x2401A43A	uint16_t	
[670]	37	0x2401A43C	uint16_t	
[671]	36	0x2401A43E	uint16_t	
[672]	45	0x2401A440	uint16_t	
[673]	45	0x2401A442	uint16_t	
[674]	35	0x2401A444	uint16_t	
[675]	33	0x2401A446	uint16_t	
[676]	39	0x2401A448	uint16_t	
[677]	31	0x2401A44A	uint16_t	
[678]	56	0x2401A44C	uint16_t	
[679]	27	0x2401A44E	uint16_t	
[680]	33	0x2401A450	uint16_t	
[681]	40	0x2401A452	uint16_t	
[682]	41	0x2401A454	uint16_t	
[683]	28	0x2401A456	uint16_t	
[684]	37	0x2401A458	uint16_t	
[685]	40	0x2401A45A	uint16_t	
[686]	35	0x2401A45C	uint16_t	
[687]	44	0x2401A45E	uint16_t	
[688]	30	0x2401A460	uint16_t	
[689]	32	0x2401A462	uint16_t	
[690]	40	0x2401A464	uint16_t	
[691]	39	0x2401A466	uint16_t	
[692]	36	0x2401A468	uint16_t	
[693]	30	0x2401A46A	uint16_t	
[694]	32	0x2401A46C	uint16_t	
[695]	33	0x2401A46E	uint16_t	
[696]	39	0x2401A470	uint16_t	
[697]	79	0x2401A472	uint16_t	
[698]	0	0x2401A474	uint16_t	
[699]	35	0x2401A476	uint16_t	
[700]	38	0x2401A478	uint16_t	
[701]	38	0x2401A47A	uint16_t	
[702]	40	0x2401A47C	uint16_t	
[703]	31	0x2401A47E	uint16_t	
[704]	33	0x2401A480	uint16_t	
[705]	37	0x2401A482	uint16_t	
[706]	35	0x2401A484	uint16_t	
[707]	27	0x2401A486	uint16_t	
[708]	34	0x2401A488	uint16_t	
[709]	33	0x2401A48A	uint16_t	
[710]	37	0x2401A48C	uint16_t	
[711]	36	0x2401A48E	uint16_t	
[712]	32	0x2401A490	uint16_t	
[713]	30	0x2401A492	uint16_t	
[714]	32	0x2401A494	uint16_t	
[715]	41	0x2401A496	uint16_t	
[716]	40	0x2401A498	uint16_t	
[717]	33	0x2401A49A	uint16_t	
[718]	33	0x2401A49C	uint16_t	
[719]	36	0x2401A49E	uint16_t	
[720]	37	0x2401A4A0	uint16_t	
[721]	39	0x2401A4A2	uint16_t	
[722]	25	0x2401A4A4	uint16_t	
[723]	29	0x2401A4A6	uint16_t	
[724]	40	0x2401A4A8	uint16_t	
[725]	36	0x2401A4AA	uint16_t	
[726]	43	0x2401A4AC	uint16_t	
[727]	27	0x2401A4AE	uint16_t	
[728]	40	0x2401A4B0	uint16_t	
[729]	42	0x2401A4B2	uint16_t	
[730]	40	0x2401A4B4	uint16_t	
[731]	69	0x2401A4B6	uint16_t	
[732]	27	0x2401A4B8	uint16_t	
[733]	31	0x2401A4BA	uint16_t	
[734]	31	0x2401A4BC	uint16_t	
[735]	32	0x2401A4BE	uint16_t	
[736]	44	0x2401A4C0	uint16_t	
[737]	30	0x2401A4C2	uint16_t	
[738]	38	0x2401A4C4	uint16_t	
[739]	45	0x2401A4C6	uint16_t	
[740]	37	0x2401A4C8	uint16_t	
[741]	45	0x2401A4CA	uint16_t	
[742]	0	0x2401A4CC	uint16_t	
[743]	31	0x2401A4CE	uint16_t	
[744]	41	0x2401A4D0	uint16_t	
[745]	39	0x2401A4D2	uint16_t	
[746]	40	0x2401A4D4	uint16_t	
[747]	23	0x2401A4D6	uint16_t	
[748]	35	0x2401A4D8	uint16_t	
[749]	40	0x2401A4DA	uint16_t	
[750]	46	0x2401A4DC	uint16_t	
[751]	32	0x2401A4DE	uint16_t	
[752]	0	0x2401A4E0	uint16_t	
[753]	38	0x2401A4E2	uint16_t	
[754]	46	0x2401A4E4	uint16_t	
[755]	29	0x2401A4E6	uint16_t	
[756]	29	0x2401A4E8	uint16_t	
[757]	29	0x2401A4EA	uint16_t	
[758]	37	0x2401A4EC	uint16_t	
[759]	44	0x2401A4EE	uint16_t	
[760]	39	0x2401A4F0	uint16_t	
[761]	23	0x2401A4F2	uint16_t	
[762]	28	0x2401A4F4	uint16_t	
[763]	33	0x2401A4F6	uint16_t	
[764]	37	0x2401A4F8	uint16_t	
[765]	40	0x2401A4FA	uint16_t	
[766]	29	0x2401A4FC	uint16_t	
[767]	36	0x2401A4FE	uint16_t	
[768]	28	0x2401A500	uint16_t	
[769]	33	0x2401A502	uint16_t	
[770]	42	0x2401A504	uint16_t	
[771]	29	0x2401A506	uint16_t	
[772]	34	0x2401A508	uint16_t	
[773]	35	0x2401A50A	uint16_t	
[774]	34	0x2401A50C	uint16_t	
[775]	36	0x2401A50E	uint16_t	
[776]	26	0x2401A510	uint16_t	
[777]	31	0x2401A512	uint16_t	
[778]	38	0x2401A514	uint16_t	
[779]	41	0x2401A516	uint16_t	
[780]	43	0x2401A518	uint16_t	
[781]	10	0x2401A51A	uint16_t	
[782]	30	0x2401A51C	uint16_t	
[783]	37	0x2401A51E	uint16_t	
[784]	32	0x2401A520	uint16_t	
[785]	38	0x2401A522	uint16_t	
[786]	0	0x2401A524	uint16_t	
[787]	33	0x2401A526	uint16_t	
[788]	40	0x2401A528	uint16_t	
[789]	37	0x2401A52A	uint16_t	
[790]	26	0x2401A52C	uint16_t	
[791]	24	0x2401A52E	uint16_t	
[792]	30	0x2401A530	uint16_t	
[793]	37	0x2401A532	uint16_t	
[794]	40	0x2401A534	uint16_t	
[795]	38	0x2401A536	uint16_t	
[796]	33	0x2401A538	uint16_t	
[797]	31	0x2401A53A	uint16_t	
[798]	37	0x2401A53C	uint16_t	
[799]	40	0x2401A53E	uint16_t	
[800]	27	0x2401A540	uint16_t	
[801]	26	0x2401A542	uint16_t	
[802]	34	0x2401A544	uint16_t	
[803]	34	0x2401A546	uint16_t	
[804]	31	0x2401A548	uint16_t	
[805]	29	0x2401A54A	uint16_t	
[806]	40	0x2401A54C	uint16_t	
[807]	36	0x2401A54E	uint16_t	
[808]	37	0x2401A550	uint16_t	
[809]	35	0x2401A552	uint16_t	
[810]	27	0x2401A554	uint16_t	
[811]	36	0x2401A556	uint16_t	
[812]	36	0x2401A558	uint16_t	
[813]	33	0x2401A55A	uint16_t	
[814]	43	0x2401A55C	uint16_t	
[815]	28	0x2401A55E	uint16_t	
[816]	15	0x2401A560	uint16_t	
[817]	38	0x2401A562	uint16_t	
[818]	39	0x2401A564	uint16_t	
[819]	45	0x2401A566	uint16_t	
[820]	28	0x2401A568	uint16_t	
[821]	30	0x2401A56A	uint16_t	
[822]	39	0x2401A56C	uint16_t	
[823]	37	0x2401A56E	uint16_t	
[824]	74	0x2401A570	uint16_t	
[825]	28	0x2401A572	uint16_t	
[826]	35	0x2401A574	uint16_t	
[827]	33	0x2401A576	uint16_t	
[828]	41	0x2401A578	uint16_t	
[829]	37	0x2401A57A	uint16_t	
[830]	0	0x2401A57C	uint16_t	
[831]	33	0x2401A57E	uint16_t	
[832]	36	0x2401A580	uint16_t	
[833]	37	0x2401A582	uint16_t	
[834]	33	0x2401A584	uint16_t	
[835]	36	0x2401A586	uint16_t	
[836]	37	0x2401A588	uint16_t	
[837]	39	0x2401A58A	uint16_t	
[838]	36	0x2401A58C	uint16_t	
[839]	32	0x2401A58E	uint16_t	
[840]	33	0x2401A590	uint16_t	
[841]	38	0x2401A592	uint16_t	
[842]	38	0x2401A594	uint16_t	
[843]	39	0x2401A596	uint16_t	
[844]	31	0x2401A598	uint16_t	
[845]	34	0x2401A59A	uint16_t	
[846]	34	0x2401A59C	uint16_t	
[847]	37	0x2401A59E	uint16_t	
[848]	41	0x2401A5A0	uint16_t	
[849]	16	0x2401A5A2	uint16_t	
[850]	36	0x2401A5A4	uint16_t	
[851]	34	0x2401A5A6	uint16_t	
[852]	33	0x2401A5A8	uint16_t	
[853]	35	0x2401A5AA	uint16_t	
[854]	32	0x2401A5AC	uint16_t	
[855]	30	0x2401A5AE	uint16_t	
[856]	36	0x2401A5B0	uint16_t	
[857]	35	0x2401A5B2	uint16_t	
[858]	39	0x2401A5B4	uint16_t	
[859]	25	0x2401A5B6	uint16_t	
[860]	36	0x2401A5B8	uint16_t	
[861]	38	0x2401A5BA	uint16_t	
[862]	38	0x2401A5BC	uint16_t	
[863]	41	0x2401A5BE	uint16_t	
[864]	7	0x2401A5C0	uint16_t	
[865]	37	0x2401A5C2	uint16_t	
[866]	38	0x2401A5C4	uint16_t	
[867]	39	0x2401A5C6	uint16_t	
[868]	36	0x2401A5C8	uint16_t	
[869]	23	0x2401A5CA	uint16_t	
[870]	37	0x2401A5CC	uint16_t	
[871]	9591	0x2401A5CE	uint16_t	
[872]	9596	0x2401A5D0	uint16_t	
[873]	9547	0x2401A5D2	uint16_t	
[874]	9529	0x2401A5D4	uint16_t	
[875]	9532	0x2401A5D6	uint16_t	
[876]	9572	0x2401A5D8	uint16_t	
[877]	9533	0x2401A5DA	uint16_t	
[878]	9555	0x2401A5DC	uint16_t	
[879]	9552	0x2401A5DE	uint16_t	
[880]	9523	0x2401A5E0	uint16_t	
[881]	9606	0x2401A5E2	uint16_t	
[882]	9476	0x2401A5E4	uint16_t	
[883]	9493	0x2401A5E6	uint16_t	
[884]	9537	0x2401A5E8	uint16_t	
[885]	9568	0x2401A5EA	uint16_t	
[886]	9513	0x2401A5EC	uint16_t	
[887]	9531	0x2401A5EE	uint16_t	
[888]	9552	0x2401A5F0	uint16_t	
[889]	9510	0x2401A5F2	uint16_t	
[890]	9526	0x2401A5F4	uint16_t	
[891]	9569	0x2401A5F6	uint16_t	
[892]	9551	0x2401A5F8	uint16_t	
[893]	9535	0x2401A5FA	uint16_t	
[894]	9568	0x2401A5FC	uint16_t	
[895]	9564	0x2401A5FE	uint16_t	
[896]	9536	0x2401A600	uint16_t	
[897]	9542	0x2401A602	uint16_t	
[898]	9498	0x2401A604	uint16_t	
[899]	9520	0x2401A606	uint16_t	
[900]	9537	0x2401A608	uint16_t	
[901]	9560	0x2401A60A	uint16_t	
[902]	9473	0x2401A60C	uint16_t	
[903]	9546	0x2401A60E	uint16_t	
[904]	9580	0x2401A610	uint16_t	
[905]	9559	0x2401A612	uint16_t	
[906]	9474	0x2401A614	uint16_t	
[907]	9546	0x2401A616	uint16_t	
[908]	9543	0x2401A618	uint16_t	
[909]	9526	0x2401A61A	uint16_t	
[910]	9544	0x2401A61C	uint16_t	
[911]	9526	0x2401A61E	uint16_t	
[912]	9543	0x2401A620	uint16_t	
[913]	9541	0x2401A622	uint16_t	
[914]	9509	0x2401A624	uint16_t	
[915]	9521	0x2401A626	uint16_t	
[916]	9552	0x2401A628	uint16_t	
[917]	9542	0x2401A62A	uint16_t	
[918]	40	0x2401A62C	uint16_t	
[919]	0	0x2401A62E	uint16_t	
[920]	39	0x2401A630	uint16_t	
[921]	35	0x2401A632	uint16_t	
[922]	38	0x2401A634	uint16_t	
[923]	31	0x2401A636	uint16_t	
[924]	26	0x2401A638	uint16_t	
[925]	19	0x2401A63A	uint16_t	
[926]	40	0x2401A63C	uint16_t	
[927]	33	0x2401A63E	uint16_t	
[928]	31	0x2401A640	uint16_t	
[929]	22	0x2401A642	uint16_t	
[930]	28	0x2401A644	uint16_t	
[931]	36	0x2401A646	uint16_t	
[932]	37	0x2401A648	uint16_t	
[933]	34	0x2401A64A	uint16_t	
[934]	32	0x2401A64C	uint16_t	
[935]	36	0x2401A64E	uint16_t	
[936]	41	0x2401A650	uint16_t	
[937]	31	0x2401A652	uint16_t	
[938]	29	0x2401A654	uint16_t	
[939]	33	0x2401A656	uint16_t	
[940]	39	0x2401A658	uint16_t	
[941]	41	0x2401A65A	uint16_t	
[942]	35	0x2401A65C	uint16_t	
[943]	25	0x2401A65E	uint16_t	
[944]	38	0x2401A660	uint16_t	
[945]	37	0x2401A662	uint16_t	
[946]	35	0x2401A664	uint16_t	
[947]	44	0x2401A666	uint16_t	
[948]	26	0x2401A668	uint16_t	
[949]	31	0x2401A66A	uint16_t	
[950]	33	0x2401A66C	uint16_t	
[951]	40	0x2401A66E	uint16_t	
[952]	60	0x2401A670	uint16_t	
[953]	30	0x2401A672	uint16_t	
[954]	36	0x2401A674	uint16_t	
[955]	38	0x2401A676	uint16_t	
[956]	36	0x2401A678	uint16_t	
[957]	63	0x2401A67A	uint16_t	
[958]	0	0x2401A67C	uint16_t	
[959]	35	0x2401A67E	uint16_t	
[960]	29	0x2401A680	uint16_t	
[961]	34	0x2401A682	uint16_t	
[962]	56	0x2401A684	uint16_t	
[963]	39	0x2401A686	uint16_t	
[964]	37	0x2401A688	uint16_t	
[965]	36	0x2401A68A	uint16_t	
[966]	38	0x2401A68C	uint16_t	
[967]	32	0x2401A68E	uint16_t	
[968]	40	0x2401A690	uint16_t	
[969]	26	0x2401A692	uint16_t	
[970]	38	0x2401A694	uint16_t	
[971]	42	0x2401A696	uint16_t	
[972]	28	0x2401A698	uint16_t	
[973]	40	0x2401A69A	uint16_t	
[974]	40	0x2401A69C	uint16_t	
[975]	34	0x2401A69E	uint16_t	
[976]	39	0x2401A6A0	uint16_t	
[977]	32	0x2401A6A2	uint16_t	
[978]	31	0x2401A6A4	uint16_t	
[979]	46	0x2401A6A6	uint16_t	
[980]	37	0x2401A6A8	uint16_t	
[981]	39	0x2401A6AA	uint16_t	
[982]	30	0x2401A6AC	uint16_t	
[983]	36	0x2401A6AE	uint16_t	
[984]	34	0x2401A6B0	uint16_t	
[985]	36	0x2401A6B2	uint16_t	
[986]	44	0x2401A6B4	uint16_t	
[987]	24	0x2401A6B6	uint16_t	
[988]	34	0x2401A6B8	uint16_t	
[989]	37	0x2401A6BA	uint16_t	
[990]	40	0x2401A6BC	uint16_t	
[991]	52	0x2401A6BE	uint16_t	
[992]	0	0x2401A6C0	uint16_t	
[993]	31	0x2401A6C2	uint16_t	
[994]	39	0x2401A6C4	uint16_t	
[995]	40	0x2401A6C6	uint16_t	
[996]	27	0x2401A6C8	uint16_t	
[997]	29	0x2401A6CA	uint16_t	
[998]	33	0x2401A6CC	uint16_t	
[999]	24	0x2401A6CE	uint16_t	
[1000]	39	0x2401A6D0	uint16_t	
[1001]	37	0x2401A6D2	uint16_t	
[1002]	31	0x2401A6D4	uint16_t	
[1003]	42	0x2401A6D6	uint16_t	
[1004]	34	0x2401A6D8	uint16_t	
[1005]	35	0x2401A6DA	uint16_t	
[1006]	37	0x2401A6DC	uint16_t	
[1007]	21	0x2401A6DE	uint16_t	
[1008]	37	0x2401A6E0	uint16_t	
[1009]	23	0x2401A6E2	uint16_t	
[1010]	31	0x2401A6E4	uint16_t	
[1011]	21	0x2401A6E6	uint16_t	
[1012]	38	0x2401A6E8	uint16_t	
[1013]	41	0x2401A6EA	uint16_t	
[1014]	34	0x2401A6EC	uint16_t	
[1015]	26	0x2401A6EE	uint16_t	
[1016]	40	0x2401A6F0	uint16_t	
[1017]	29	0x2401A6F2	uint16_t	
[1018]	40	0x2401A6F4	uint16_t	
[1019]	30	0x2401A6F6	uint16_t	
[1020]	32	0x2401A6F8	uint16_t	
[1021]	35	0x2401A6FA	uint16_t	
[1022]	30	0x2401A6FC	uint16_t	
[1023]	33	0x2401A6FE	uint16_t	
[1024]	23	0x2401A700	uint16_t	
[1025]	34	0x2401A702	uint16_t	
[1026]	40	0x2401A704	uint16_t	
[1027]	38	0x2401A706	uint16_t	
[1028]	33	0x2401A708	uint16_t	
[1029]	37	0x2401A70A	uint16_t	
[1030]	30	0x2401A70C	uint16_t	
[1031]	40	0x2401A70E	uint16_t	
[1032]	34	0x2401A710	uint16_t	
[1033]	39	0x2401A712	uint16_t	
[1034]	29	0x2401A714	uint16_t	
[1035]	34	0x2401A716	uint16_t	
[1036]	32	0x2401A718	uint16_t	
[1037]	35	0x2401A71A	uint16_t	
[1038]	35	0x2401A71C	uint16_t	
[1039]	39	0x2401A71E	uint16_t	
[1040]	40	0x2401A720	uint16_t	
[1041]	33	0x2401A722	uint16_t	
[1042]	0	0x2401A724	uint16_t	
[1043]	40	0x2401A726	uint16_t	
[1044]	29	0x2401A728	uint16_t	
[1045]	42	0x2401A72A	uint16_t	
[1046]	20	0x2401A72C	uint16_t	
[1047]	31	0x2401A72E	uint16_t	
[1048]	36	0x2401A730	uint16_t	
[1049]	37	0x2401A732	uint16_t	
[1050]	45	0x2401A734	uint16_t	
[1051]	43	0x2401A736	uint16_t	
[1052]	33	0x2401A738	uint16_t	
[1053]	36	0x2401A73A	uint16_t	
[1054]	16	0x2401A73C	uint16_t	
[1055]	39	0x2401A73E	uint16_t	
[1056]	30	0x2401A740	uint16_t	
[1057]	43	0x2401A742	uint16_t	
[1058]	42	0x2401A744	uint16_t	
[1059]	37	0x2401A746	uint16_t	
[1060]	42	0x2401A748	uint16_t	
[1061]	34	0x2401A74A	uint16_t	
[1062]	28	0x2401A74C	uint16_t	
[1063]	31	0x2401A74E	uint16_t	
[1064]	37	0x2401A750	uint16_t	
[1065]	39	0x2401A752	uint16_t	
[1066]	34	0x2401A754	uint16_t	
[1067]	41	0x2401A756	uint16_t	
[1068]	34	0x2401A758	uint16_t	
[1069]	31	0x2401A75A	uint16_t	
[1070]	38	0x2401A75C	uint16_t	
[1071]	33	0x2401A75E	uint16_t	
[1072]	36	0x2401A760	uint16_t	
[1073]	35	0x2401A762	uint16_t	
[1074]	36	0x2401A764	uint16_t	
[1075]	45	0x2401A766	uint16_t	
[1076]	34	0x2401A768	uint16_t	
[1077]	41	0x2401A76A	uint16_t	
[1078]	32	0x2401A76C	uint16_t	
[1079]	44	0x2401A76E	uint16_t	
[1080]	39	0x2401A770	uint16_t	
[1081]	32	0x2401A772	uint16_t	
[1082]	35	0x2401A774	uint16_t	
[1083]	29	0x2401A776	uint16_t	
[1084]	33	0x2401A778	uint16_t	
[1085]	44	0x2401A77A	uint16_t	
[1086]	49	0x2401A77C	uint16_t	
[1087]	43	0x2401A77E	uint16_t	
[1088]	38	0x2401A780	uint16_t	
[1089]	38	0x2401A782	uint16_t	
[1090]	29	0x2401A784	uint16_t	
[1091]	37	0x2401A786	uint16_t	
[1092]	34	0x2401A788	uint16_t	
[1093]	44	0x2401A78A	uint16_t	
[1094]	42	0x2401A78C	uint16_t	
[1095]	43	0x2401A78E	uint16_t	
[1096]	37	0x2401A790	uint16_t	
[1097]	33	0x2401A792	uint16_t	
[1098]	38	0x2401A794	uint16_t	
[1099]	30	0x2401A796	uint16_t	
[1100]	42	0x2401A798	uint16_t	
[1101]	0	0x2401A79A	uint16_t	
[1102]	40	0x2401A79C	uint16_t	
[1103]	49	0x2401A79E	uint16_t	
[1104]	38	0x2401A7A0	uint16_t	
[1105]	44	0x2401A7A2	uint16_t	
[1106]	38	0x2401A7A4	uint16_t	
[1107]	45	0x2401A7A6	uint16_t	
[1108]	29	0x2401A7A8	uint16_t	
[1109]	49	0x2401A7AA	uint16_t	
[1110]	41	0x2401A7AC	uint16_t	
[1111]	36	0x2401A7AE	uint16_t	
[1112]	31	0x2401A7B0	uint16_t	
[1113]	39	0x2401A7B2	uint16_t	
[1114]	33	0x2401A7B4	uint16_t	
[1115]	38	0x2401A7B6	uint16_t	
[1116]	0	0x2401A7B8	uint16_t	
[1117]	20	0x2401A7BA	uint16_t	
[1118]	43	0x2401A7BC	uint16_t	
[1119]	31	0x2401A7BE	uint16_t	
[1120]	38	0x2401A7C0	uint16_t	
[1121]	27	0x2401A7C2	uint16_t	
[1122]	45	0x2401A7C4	uint16_t	
[1123]	42	0x2401A7C6	uint16_t	
[1124]	34	0x2401A7C8	uint16_t	
[1125]	31	0x2401A7CA	uint16_t	
[1126]	44	0x2401A7CC	uint16_t	
[1127]	36	0x2401A7CE	uint16_t	
[1128]	34	0x2401A7D0	uint16_t	
[1129]	0	0x2401A7D2	uint16_t	
[1130]	29	0x2401A7D4	uint16_t	
[1131]	42	0x2401A7D6	uint16_t	
[1132]	34	0x2401A7D8	uint16_t	
[1133]	38	0x2401A7DA	uint16_t	
[1134]	38	0x2401A7DC	uint16_t	
[1135]	39	0x2401A7DE	uint16_t	
[1136]	30	0x2401A7E0	uint16_t	
[1137]	38	0x2401A7E2	uint16_t	
[1138]	37	0x2401A7E4	uint16_t	
[1139]	42	0x2401A7E6	uint16_t	
[1140]	41	0x2401A7E8	uint16_t	
[1141]	36	0x2401A7EA	uint16_t	
[1142]	25	0x2401A7EC	uint16_t	
[1143]	31	0x2401A7EE	uint16_t	
[1144]	27	0x2401A7F0	uint16_t	
[1145]	39	0x2401A7F2	uint16_t	
[1146]	53	0x2401A7F4	uint16_t	
[1147]	38	0x2401A7F6	uint16_t	
[1148]	36	0x2401A7F8	uint16_t	
[1149]	38	0x2401A7FA	uint16_t	
[1150]	31	0x2401A7FC	uint16_t	
[1151]	30	0x2401A7FE	uint16_t	
[1152]	28	0x2401A800	uint16_t	
[1153]	35	0x2401A802	uint16_t	
[1154]	26	0x2401A804	uint16_t	
[1155]	34	0x2401A806	uint16_t	
[1156]	38	0x2401A808	uint16_t	
[1157]	41	0x2401A80A	uint16_t	
[1158]	41	0x2401A80C	uint16_t	
[1159]	33	0x2401A80E	uint16_t	
[1160]	40	0x2401A810	uint16_t	
[1161]	36	0x2401A812	uint16_t	
[1162]	29	0x2401A814	uint16_t	
[1163]	31	0x2401A816	uint16_t	
[1164]	75	0x2401A818	uint16_t	
[1165]	43	0x2401A81A	uint16_t	
[1166]	77	0x2401A81C	uint16_t	
[1167]	0	0x2401A81E	uint16_t	
[1168]	32	0x2401A820	uint16_t	
[1169]	23	0x2401A822	uint16_t	
[1170]	39	0x2401A824	uint16_t	
[1171]	36	0x2401A826	uint16_t	
[1172]	35	0x2401A828	uint16_t	
[1173]	32	0x2401A82A	uint16_t	
[1174]	32	0x2401A82C	uint16_t	
[1175]	30	0x2401A82E	uint16_t	
[1176]	31	0x2401A830	uint16_t	
[1177]	26	0x2401A832	uint16_t	
[1178]	35	0x2401A834	uint16_t	
[1179]	35	0x2401A836	uint16_t	
[1180]	37	0x2401A838	uint16_t	
[1181]	31	0x2401A83A	uint16_t	
[1182]	32	0x2401A83C	uint16_t	
[1183]	36	0x2401A83E	uint16_t	
[1184]	36	0x2401A840	uint16_t	
[1185]	38	0x2401A842	uint16_t	
[1186]	39	0x2401A844	uint16_t	
[1187]	35	0x2401A846	uint16_t	
[1188]	36	0x2401A848	uint16_t	
[1189]	32	0x2401A84A	uint16_t	
[1190]	39	0x2401A84C	uint16_t	
[1191]	41	0x2401A84E	uint16_t	
[1192]	28	0x2401A850	uint16_t	
[1193]	30	0x2401A852	uint16_t	
[1194]	33	0x2401A854	uint16_t	
[1195]	40	0x2401A856	uint16_t	
[1196]	38	0x2401A858	uint16_t	
[1197]	31	0x2401A85A	uint16_t	
[1198]	24	0x2401A85C	uint16_t	
[1199]	36	0x2401A85E	uint16_t	
[1200]	26	0x2401A860	uint16_t	
[1201]	37	0x2401A862	uint16_t	
[1202]	26	0x2401A864	uint16_t	
[1203]	36	0x2401A866	uint16_t	
[1204]	42	0x2401A868	uint16_t	
[1205]	33	0x2401A86A	uint16_t	
[1206]	33	0x2401A86C	uint16_t	
[1207]	42	0x2401A86E	uint16_t	
[1208]	34	0x2401A870	uint16_t	
[1209]	36	0x2401A872	uint16_t	
[1210]	19	0x2401A874	uint16_t	
[1211]	36	0x2401A876	uint16_t	
[1212]	32	0x2401A878	uint16_t	
[1213]	38	0x2401A87A	uint16_t	
[1214]	40	0x2401A87C	uint16_t	
[1215]	35	0x2401A87E	uint16_t	
[1216]	40	0x2401A880	uint16_t	
[1217]	31	0x2401A882	uint16_t	
[1218]	37	0x2401A884	uint16_t	
[1219]	31	0x2401A886	uint16_t	
[1220]	37	0x2401A888	uint16_t	
[1221]	36	0x2401A88A	uint16_t	
[1222]	34	0x2401A88C	uint16_t	
[1223]	26	0x2401A88E	uint16_t	
[1224]	34	0x2401A890	uint16_t	
[1225]	15	0x2401A892	uint16_t	
[1226]	40	0x2401A894	uint16_t	
[1227]	27	0x2401A896	uint16_t	
[1228]	35	0x2401A898	uint16_t	
[1229]	64	0x2401A89A	uint16_t	
[1230]	38	0x2401A89C	uint16_t	
[1231]	48	0x2401A89E	uint16_t	
[1232]	30	0x2401A8A0	uint16_t	
[1233]	38	0x2401A8A2	uint16_t	
[1234]	35	0x2401A8A4	uint16_t	
[1235]	48	0x2401A8A6	uint16_t	
[1236]	39	0x2401A8A8	uint16_t	
[1237]	28	0x2401A8AA	uint16_t	
[1238]	32	0x2401A8AC	uint16_t	
[1239]	32	0x2401A8AE	uint16_t	
[1240]	43	0x2401A8B0	uint16_t	
[1241]	40	0x2401A8B2	uint16_t	
[1242]	33	0x2401A8B4	uint16_t	
[1243]	38	0x2401A8B6	uint16_t	
[1244]	40	0x2401A8B8	uint16_t	
[1245]	34	0x2401A8BA	uint16_t	
[1246]	43	0x2401A8BC	uint16_t	
[1247]	42	0x2401A8BE	uint16_t	
[1248]	26	0x2401A8C0	uint16_t	
[1249]	34	0x2401A8C2	uint16_t	
[1250]	32	0x2401A8C4	uint16_t	
[1251]	39	0x2401A8C6	uint16_t	
[1252]	23	0x2401A8C8	uint16_t	
[1253]	34	0x2401A8CA	uint16_t	
[1254]	38	0x2401A8CC	uint16_t	
[1255]	36	0x2401A8CE	uint16_t	
[1256]	39	0x2401A8D0	uint16_t	
[1257]	37	0x2401A8D2	uint16_t	
[1258]	40	0x2401A8D4	uint16_t	
[1259]	24	0x2401A8D6	uint16_t	
[1260]	35	0x2401A8D8	uint16_t	
[1261]	40	0x2401A8DA	uint16_t	
[1262]	35	0x2401A8DC	uint16_t	
[1263]	40	0x2401A8DE	uint16_t	
[1264]	34	0x2401A8E0	uint16_t	
[1265]	26	0x2401A8E2	uint16_t	
[1266]	39	0x2401A8E4	uint16_t	
[1267]	32	0x2401A8E6	uint16_t	
[1268]	48	0x2401A8E8	uint16_t	
[1269]	41	0x2401A8EA	uint16_t	
[1270]	27	0x2401A8EC	uint16_t	
[1271]	36	0x2401A8EE	uint16_t	
[1272]	36	0x2401A8F0	uint16_t	
[1273]	36	0x2401A8F2	uint16_t	
[1274]	37	0x2401A8F4	uint16_t	
[1275]	28	0x2401A8F6	uint16_t	
[1276]	35	0x2401A8F8	uint16_t	
[1277]	21	0x2401A8FA	uint16_t	
[1278]	28	0x2401A8FC	uint16_t	
[1279]	35	0x2401A8FE	uint16_t	
[1280]	25	0x2401A900	uint16_t	
[1281]	32	0x2401A902	uint16_t	
[1282]	39	0x2401A904	uint16_t	
[1283]	42	0x2401A906	uint16_t	
[1284]	39	0x2401A908	uint16_t	
[1285]	37	0x2401A90A	uint16_t	
[1286]	34	0x2401A90C	uint16_t	
[1287]	33	0x2401A90E	uint16_t	
[1288]	19	0x2401A910	uint16_t	
[1289]	37	0x2401A912	uint16_t	
[1290]	37	0x2401A914	uint16_t	
[1291]	23	0x2401A916	uint16_t	
[1292]	31	0x2401A918	uint16_t	
[1293]	0	0x2401A91A	uint16_t	
[1294]	36	0x2401A91C	uint16_t	
[1295]	27	0x2401A91E	uint16_t	
[1296]	35	0x2401A920	uint16_t	
[1297]	34	0x2401A922	uint16_t	
[1298]	36	0x2401A924	uint16_t	
[1299]	48	0x2401A926	uint16_t	
[1300]	36	0x2401A928	uint16_t	
[1301]	39	0x2401A92A	uint16_t	
[1302]	27	0x2401A92C	uint16_t	
[1303]	29	0x2401A92E	uint16_t	
[1304]	40	0x2401A930	uint16_t	
[1305]	29	0x2401A932	uint16_t	
[1306]	39	0x2401A934	uint16_t	
[1307]	27	0x2401A936	uint16_t	
[1308]	31	0x2401A938	uint16_t	
[1309]	36	0x2401A93A	uint16_t	
[1310]	32	0x2401A93C	uint16_t	
[1311]	37	0x2401A93E	uint16_t	
[1312]	45	0x2401A940	uint16_t	
[1313]	43	0x2401A942	uint16_t	
[1314]	35	0x2401A944	uint16_t	
[1315]	38	0x2401A946	uint16_t	
[1316]	23	0x2401A948	uint16_t	
[1317]	35	0x2401A94A	uint16_t	
[1318]	24	0x2401A94C	uint16_t	
[1319]	36	0x2401A94E	uint16_t	
[1320]	28	0x2401A950	uint16_t	
[1321]	42	0x2401A952	uint16_t	
[1322]	42	0x2401A954	uint16_t	
[1323]	31	0x2401A956	uint16_t	
[1324]	36	0x2401A958	uint16_t	
[1325]	34	0x2401A95A	uint16_t	
[1326]	28	0x2401A95C	uint16_t	
[1327]	31	0x2401A95E	uint16_t	
[1328]	31	0x2401A960	uint16_t	
[1329]	34	0x2401A962	uint16_t	
[1330]	32	0x2401A964	uint16_t	
[1331]	38	0x2401A966	uint16_t	
[1332]	43	0x2401A968	uint16_t	
[1333]	38	0x2401A96A	uint16_t	
[1334]	39	0x2401A96C	uint16_t	
[1335]	29	0x2401A96E	uint16_t	
[1336]	40	0x2401A970	uint16_t	
[1337]	34	0x2401A972	uint16_t	
[1338]	36	0x2401A974	uint16_t	
[1339]	37	0x2401A976	uint16_t	
[1340]	41	0x2401A978	uint16_t	
[1341]	37	0x2401A97A	uint16_t	
[1342]	34	0x2401A97C	uint16_t	
[1343]	9604	0x2401A97E	uint16_t	
[1344]	9555	0x2401A980	uint16_t	
[1345]	9525	0x2401A982	uint16_t	
[1346]	9596	0x2401A984	uint16_t	
[1347]	9560	0x2401A986	uint16_t	
[1348]	9574	0x2401A988	uint16_t	
[1349]	9536	0x2401A98A	uint16_t	
[1350]	9558	0x2401A98C	uint16_t	
[1351]	9568	0x2401A98E	uint16_t	
[1352]	9485	0x2401A990	uint16_t	
[1353]	9520	0x2401A992	uint16_t	
[1354]	9562	0x2401A994	uint16_t	
[1355]	9568	0x2401A996	uint16_t	
[1356]	9536	0x2401A998	uint16_t	
[1357]	9546	0x2401A99A	uint16_t	
[1358]	9572	0x2401A99C	uint16_t	
[1359]	9576	0x2401A99E	uint16_t	
[1360]	9514	0x2401A9A0	uint16_t	
[1361]	9511	0x2401A9A2	uint16_t	
[1362]	9499	0x2401A9A4	uint16_t	
[1363]	9538	0x2401A9A6	uint16_t	
[1364]	9516	0x2401A9A8	uint16_t	
[1365]	9541	0x2401A9AA	uint16_t	
[1366]	9547	0x2401A9AC	uint16_t	
[1367]	9495	0x2401A9AE	uint16_t	
[1368]	9530	0x2401A9B0	uint16_t	
[1369]	9524	0x2401A9B2	uint16_t	
[1370]	9561	0x2401A9B4	uint16_t	
[1371]	9503	0x2401A9B6	uint16_t	
[1372]	9523	0x2401A9B8	uint16_t	
[1373]	9495	0x2401A9BA	uint16_t	
[1374]	9550	0x2401A9BC	uint16_t	
[1375]	9540	0x2401A9BE	uint16_t	
[1376]	9515	0x2401A9C0	uint16_t	
[1377]	9517	0x2401A9C2	uint16_t	
[1378]	9528	0x2401A9C4	uint16_t	
[1379]	9544	0x2401A9C6	uint16_t	
[1380]	9518	0x2401A9C8	uint16_t	
[1381]	9489	0x2401A9CA	uint16_t	
[1382]	9522	0x2401A9CC	uint16_t	
[1383]	9517	0x2401A9CE	uint16_t	
[1384]	9540	0x2401A9D0	uint16_t	
[1385]	9543	0x2401A9D2	uint16_t	
[1386]	9527	0x2401A9D4	uint16_t	
[1387]	9514	0x2401A9D6	uint16_t	
[1388]	9550	0x2401A9D8	uint16_t	
[1389]	568	0x2401A9DA	uint16_t	
[1390]	38	0x2401A9DC	uint16_t	
[1391]	27	0x2401A9DE	uint16_t	
[1392]	31	0x2401A9E0	uint16_t	
[1393]	38	0x2401A9E2	uint16_t	
[1394]	38	0x2401A9E4	uint16_t	
[1395]	31	0x2401A9E6	uint16_t	
[1396]	16	0x2401A9E8	uint16_t	
[1397]	33	0x2401A9EA	uint16_t	
[1398]	19	0x2401A9EC	uint16_t	
[1399]	35	0x2401A9EE	uint16_t	
[1400]	24	0x2401A9F0	uint16_t	
[1401]	40	0x2401A9F2	uint16_t	
[1402]	32	0x2401A9F4	uint16_t	
[1403]	31	0x2401A9F6	uint16_t	
[1404]	19	0x2401A9F8	uint16_t	
[1405]	29	0x2401A9FA	uint16_t	
[1406]	42	0x2401A9FC	uint16_t	
[1407]	28	0x2401A9FE	uint16_t	
[1408]	50	0x2401AA00	uint16_t	
[1409]	36	0x2401AA02	uint16_t	
[1410]	56	0x2401AA04	uint16_t	
[1411]	25	0x2401AA06	uint16_t	
[1412]	27	0x2401AA08	uint16_t	
[1413]	37	0x2401AA0A	uint16_t	
[1414]	29	0x2401AA0C	uint16_t	
[1415]	29	0x2401AA0E	uint16_t	
[1416]	25	0x2401AA10	uint16_t	
[1417]	42	0x2401AA12	uint16_t	
[1418]	28	0x2401AA14	uint16_t	
[1419]	40	0x2401AA16	uint16_t	
[1420]	31	0x2401AA18	uint16_t	
[1421]	37	0x2401AA1A	uint16_t	
[1422]	32	0x2401AA1C	uint16_t	
[1423]	34	0x2401AA1E	uint16_t	
[1424]	40	0x2401AA20	uint16_t	
[1425]	34	0x2401AA22	uint16_t	
[1426]	0	0x2401AA24	uint16_t	
[1427]	35	0x2401AA26	uint16_t	
[1428]	39	0x2401AA28	uint16_t	
[1429]	29	0x2401AA2A	uint16_t	
[1430]	40	0x2401AA2C	uint16_t	
[1431]	34	0x2401AA2E	uint16_t	
[1432]	31	0x2401AA30	uint16_t	
[1433]	38	0x2401AA32	uint16_t	
[1434]	31	0x2401AA34	uint16_t	
[1435]	33	0x2401AA36	uint16_t	
[1436]	39	0x2401AA38	uint16_t	
[1437]	64	0x2401AA3A	uint16_t	
[1438]	41	0x2401AA3C	uint16_t	
[1439]	34	0x2401AA3E	uint16_t	
[1440]	34	0x2401AA40	uint16_t	
[1441]	33	0x2401AA42	uint16_t	
[1442]	34	0x2401AA44	uint16_t	
[1443]	40	0x2401AA46	uint16_t	
[1444]	31	0x2401AA48	uint16_t	
[1445]	32	0x2401AA4A	uint16_t	
[1446]	44	0x2401AA4C	uint16_t	
[1447]	41	0x2401AA4E	uint16_t	
[1448]	37	0x2401AA50	uint16_t	
[1449]	37	0x2401AA52	uint16_t	
[1450]	30	0x2401AA54	uint16_t	
[1451]	23	0x2401AA56	uint16_t	
[1452]	31	0x2401AA58	uint16_t	
[1453]	29	0x2401AA5A	uint16_t	
[1454]	36	0x2401AA5C	uint16_t	
[1455]	35	0x2401AA5E	uint16_t	
[1456]	38	0x2401AA60	uint16_t	
[1457]	22	0x2401AA62	uint16_t	
[1458]	35	0x2401AA64	uint16_t	
[1459]	43	0x2401AA66	uint16_t	
[1460]	35	0x2401AA68	uint16_t	
[1461]	23	0x2401AA6A	uint16_t	
[1462]	37	0x2401AA6C	uint16_t	
[1463]	33	0x2401AA6E	uint16_t	
[1464]	35	0x2401AA70	uint16_t	
[1465]	32	0x2401AA72	uint16_t	
[1466]	40	0x2401AA74	uint16_t	
[1467]	36	0x2401AA76	uint16_t	
[1468]	32	0x2401AA78	uint16_t	
[1469]	40	0x2401AA7A	uint16_t	
[1470]	35	0x2401AA7C	uint16_t	
[1471]	23	0x2401AA7E	uint16_t	
[1472]	37	0x2401AA80	uint16_t	
[1473]	12	0x2401AA82	uint16_t	
[1474]	33	0x2401AA84	uint16_t	
[1475]	33	0x2401AA86	uint16_t	
[1476]	35	0x2401AA88	uint16_t	
[1477]	40	0x2401AA8A	uint16_t	
[1478]	30	0x2401AA8C	uint16_t	
[1479]	33	0x2401AA8E	uint16_t	
[1480]	36	0x2401AA90	uint16_t	
[1481]	37	0x2401AA92	uint16_t	
[1482]	33	0x2401AA94	uint16_t	
[1483]	29	0x2401AA96	uint16_t	
[1484]	32	0x2401AA98	uint16_t	
[1485]	35	0x2401AA9A	uint16_t	
[1486]	38	0x2401AA9C	uint16_t	
[1487]	39	0x2401AA9E	uint16_t	
[1488]	30	0x2401AAA0	uint16_t	
[1489]	33	0x2401AAA2	uint16_t	
[1490]	35	0x2401AAA4	uint16_t	
[1491]	41	0x2401AAA6	uint16_t	
[1492]	44	0x2401AAA8	uint16_t	
[1493]	26	0x2401AAAA	uint16_t	
[1494]	31	0x2401AAAC	uint16_t	
[1495]	40	0x2401AAAE	uint16_t	
[1496]	42	0x2401AAB0	uint16_t	
[1497]	40	0x2401AAB2	uint16_t	
[1498]	28	0x2401AAB4	uint16_t	
[1499]	33	0x2401AAB6	uint16_t	
[1500]	38	0x2401AAB8	uint16_t	
[1501]	31	0x2401AABA	uint16_t	
[1502]	43	0x2401AABC	uint16_t	
[1503]	0	0x2401AABE	uint16_t	
[1504]	34	0x2401AAC0	uint16_t	
[1505]	39	0x2401AAC2	uint16_t	
[1506]	35	0x2401AAC4	uint16_t	
[1507]	53	0x2401AAC6	uint16_t	
[1508]	25	0x2401AAC8	uint16_t	
[1509]	39	0x2401AACA	uint16_t	
[1510]	38	0x2401AACC	uint16_t	
[1511]	40	0x2401AACE	uint16_t	
[1512]	28	0x2401AAD0	uint16_t	
[1513]	29	0x2401AAD2	uint16_t	
[1514]	36	0x2401AAD4	uint16_t	
[1515]	27	0x2401AAD6	uint16_t	
[1516]	41	0x2401AAD8	uint16_t	
[1517]	31	0x2401AADA	uint16_t	
[1518]	42	0x2401AADC	uint16_t	
[1519]	44	0x2401AADE	uint16_t	
[1520]	34	0x2401AAE0	uint16_t	
[1521]	38	0x2401AAE2	uint16_t	
[1522]	34	0x2401AAE4	uint16_t	
[1523]	22	0x2401AAE6	uint16_t	
[1524]	40	0x2401AAE8	uint16_t	
[1525]	25	0x2401AAEA	uint16_t	
[1526]	39	0x2401AAEC	uint16_t	
[1527]	34	0x2401AAEE	uint16_t	
[1528]	38	0x2401AAF0	uint16_t	
[1529]	42	0x2401AAF2	uint16_t	
[1530]	38	0x2401AAF4	uint16_t	
[1531]	35	0x2401AAF6	uint16_t	
[1532]	39	0x2401AAF8	uint16_t	
[1533]	32	0x2401AAFA	uint16_t	
[1534]	41	0x2401AAFC	uint16_t	
[1535]	35	0x2401AAFE	uint16_t	
[1536]	42	0x2401AB00	uint16_t	
[1537]	35	0x2401AB02	uint16_t	
[1538]	29	0x2401AB04	uint16_t	
[1539]	39	0x2401AB06	uint16_t	
[1540]	30	0x2401AB08	uint16_t	
[1541]	38	0x2401AB0A	uint16_t	
[1542]	28	0x2401AB0C	uint16_t	
[1543]	48	0x2401AB0E	uint16_t	
[1544]	36	0x2401AB10	uint16_t	
[1545]	0	0x2401AB12	uint16_t	
[1546]	34	0x2401AB14	uint16_t	
[1547]	44	0x2401AB16	uint16_t	
[1548]	35	0x2401AB18	uint16_t	
[1549]	44	0x2401AB1A	uint16_t	
[1550]	34	0x2401AB1C	uint16_t	
[1551]	39	0x2401AB1E	uint16_t	
[1552]	41	0x2401AB20	uint16_t	
[1553]	24	0x2401AB22	uint16_t	
[1554]	29	0x2401AB24	uint16_t	
[1555]	27	0x2401AB26	uint16_t	
[1556]	37	0x2401AB28	uint16_t	
[1557]	28	0x2401AB2A	uint16_t	
[1558]	33	0x2401AB2C	uint16_t	
[1559]	32	0x2401AB2E	uint16_t	
[1560]	24	0x2401AB30	uint16_t	
[1561]	30	0x2401AB32	uint16_t	
[1562]	40	0x2401AB34	uint16_t	
[1563]	31	0x2401AB36	uint16_t	
[1564]	41	0x2401AB38	uint16_t	
[1565]	30	0x2401AB3A	uint16_t	
[1566]	36	0x2401AB3C	uint16_t	
[1567]	34	0x2401AB3E	uint16_t	
[1568]	26	0x2401AB40	uint16_t	
[1569]	35	0x2401AB42	uint16_t	
[1570]	32	0x2401AB44	uint16_t	
[1571]	41	0x2401AB46	uint16_t	
[1572]	36	0x2401AB48	uint16_t	
[1573]	25	0x2401AB4A	uint16_t	
[1574]	36	0x2401AB4C	uint16_t	
[1575]	28	0x2401AB4E	uint16_t	
[1576]	40	0x2401AB50	uint16_t	
[1577]	35	0x2401AB52	uint16_t	
[1578]	36	0x2401AB54	uint16_t	
[1579]	37	0x2401AB56	uint16_t	
[1580]	39	0x2401AB58	uint16_t	
[1581]	34	0x2401AB5A	uint16_t	
[1582]	38	0x2401AB5C	uint16_t	
[1583]	29	0x2401AB5E	uint16_t	
[1584]	38	0x2401AB60	uint16_t	
[1585]	31	0x2401AB62	uint16_t	
[1586]	30	0x2401AB64	uint16_t	
[1587]	31	0x2401AB66	uint16_t	
[1588]	28	0x2401AB68	uint16_t	
[1589]	30	0x2401AB6A	uint16_t	
[1590]	31	0x2401AB6C	uint16_t	
[1591]	40	0x2401AB6E	uint16_t	
[1592]	41	0x2401AB70	uint16_t	
[1593]	40	0x2401AB72	uint16_t	
[1594]	36	0x2401AB74	uint16_t	
[1595]	32	0x2401AB76	uint16_t	
[1596]	44	0x2401AB78	uint16_t	
[1597]	35	0x2401AB7A	uint16_t	
[1598]	38	0x2401AB7C	uint16_t	
[1599]	36	0x2401AB7E	uint16_t	
[1600]	31	0x2401AB80	uint16_t	
[1601]	22	0x2401AB82	uint16_t	
[1602]	38	0x2401AB84	uint16_t	
[1603]	26	0x2401AB86	uint16_t	
[1604]	31	0x2401AB88	uint16_t	
[1605]	37	0x2401AB8A	uint16_t	
[1606]	35	0x2401AB8C	uint16_t	
[1607]	29	0x2401AB8E	uint16_t	
[1608]	30	0x2401AB90	uint16_t	
[1609]	30	0x2401AB92	uint16_t	
[1610]	29	0x2401AB94	uint16_t	
[1611]	38	0x2401AB96	uint16_t	
[1612]	39	0x2401AB98	uint16_t	
[1613]	36	0x2401AB9A	uint16_t	
[1614]	38	0x2401AB9C	uint16_t	
[1615]	34	0x2401AB9E	uint16_t	
[1616]	40	0x2401ABA0	uint16_t	
[1617]	38	0x2401ABA2	uint16_t	
[1618]	31	0x2401ABA4	uint16_t	
[1619]	36	0x2401ABA6	uint16_t	
[1620]	31	0x2401ABA8	uint16_t	
[1621]	42	0x2401ABAA	uint16_t	
[1622]	67	0x2401ABAC	uint16_t	
[1623]	41	0x2401ABAE	uint16_t	
[1624]	37	0x2401ABB0	uint16_t	
[1625]	40	0x2401ABB2	uint16_t	
[1626]	40	0x2401ABB4	uint16_t	
[1627]	27	0x2401ABB6	uint16_t	
[1628]	38	0x2401ABB8	uint16_t	
[1629]	32	0x2401ABBA	uint16_t	
[1630]	40	0x2401ABBC	uint16_t	
[1631]	25	0x2401ABBE	uint16_t	
[1632]	36	0x2401ABC0	uint16_t	
[1633]	34	0x2401ABC2	uint16_t	
[1634]	36	0x2401ABC4	uint16_t	
[1635]	32	0x2401ABC6	uint16_t	
[1636]	39	0x2401ABC8	uint16_t	
[1637]	31	0x2401ABCA	uint16_t	
[1638]	44	0x2401ABCC	uint16_t	
[1639]	44	0x2401ABCE	uint16_t	
[1640]	31	0x2401ABD0	uint16_t	
[1641]	37	0x2401ABD2	uint16_t	
[1642]	37	0x2401ABD4	uint16_t	
[1643]	26	0x2401ABD6	uint16_t	
[1644]	33	0x2401ABD8	uint16_t	
[1645]	28	0x2401ABDA	uint16_t	
[1646]	31	0x2401ABDC	uint16_t	
[1647]	34	0x2401ABDE	uint16_t	
[1648]	38	0x2401ABE0	uint16_t	
[1649]	27	0x2401ABE2	uint16_t	
[1650]	31	0x2401ABE4	uint16_t	
[1651]	35	0x2401ABE6	uint16_t	
[1652]	19	0x2401ABE8	uint16_t	
[1653]	34	0x2401ABEA	uint16_t	
[1654]	30	0x2401ABEC	uint16_t	
[1655]	31	0x2401ABEE	uint16_t	
[1656]	33	0x2401ABF0	uint16_t	
[1657]	34	0x2401ABF2	uint16_t	
[1658]	44	0x2401ABF4	uint16_t	
[1659]	36	0x2401ABF6	uint16_t	
[1660]	42	0x2401ABF8	uint16_t	
[1661]	36	0x2401ABFA	uint16_t	
[1662]	32	0x2401ABFC	uint16_t	
[1663]	33	0x2401ABFE	uint16_t	
[1664]	34	0x2401AC00	uint16_t	
[1665]	34	0x2401AC02	uint16_t	
[1666]	42	0x2401AC04	uint16_t	
[1667]	29	0x2401AC06	uint16_t	
[1668]	34	0x2401AC08	uint16_t	
[1669]	34	0x2401AC0A	uint16_t	
[1670]	44	0x2401AC0C	uint16_t	
[1671]	37	0x2401AC0E	uint16_t	
[1672]	33	0x2401AC10	uint16_t	
[1673]	39	0x2401AC12	uint16_t	
[1674]	34	0x2401AC14	uint16_t	
[1675]	28	0x2401AC16	uint16_t	
[1676]	32	0x2401AC18	uint16_t	
[1677]	32	0x2401AC1A	uint16_t	
[1678]	42	0x2401AC1C	uint16_t	
[1679]	34	0x2401AC1E	uint16_t	
[1680]	39	0x2401AC20	uint16_t	
[1681]	80	0x2401AC22	uint16_t	
[1682]	0	0x2401AC24	uint16_t	
[1683]	33	0x2401AC26	uint16_t	
[1684]	36	0x2401AC28	uint16_t	
[1685]	41	0x2401AC2A	uint16_t	
[1686]	57	0x2401AC2C	uint16_t	
[1687]	32	0x2401AC2E	uint16_t	
[1688]	36	0x2401AC30	uint16_t	
[1689]	33	0x2401AC32	uint16_t	
[1690]	38	0x2401AC34	uint16_t	
[1691]	60	0x2401AC36	uint16_t	
[1692]	22	0x2401AC38	uint16_t	
[1693]	33	0x2401AC3A	uint16_t	
[1694]	37	0x2401AC3C	uint16_t	
[1695]	35	0x2401AC3E	uint16_t	
[1696]	29	0x2401AC40	uint16_t	
[1697]	16	0x2401AC42	uint16_t	
[1698]	36	0x2401AC44	uint16_t	
[1699]	42	0x2401AC46	uint16_t	
[1700]	35	0x2401AC48	uint16_t	
[1701]	39	0x2401AC4A	uint16_t	
[1702]	48	0x2401AC4C	uint16_t	
[1703]	31	0x2401AC4E	uint16_t	
[1704]	40	0x2401AC50	uint16_t	
[1705]	23	0x2401AC52	uint16_t	
[1706]	31	0x2401AC54	uint16_t	
[1707]	31	0x2401AC56	uint16_t	
[1708]	55	0x2401AC58	uint16_t	
[1709]	40	0x2401AC5A	uint16_t	
[1710]	42	0x2401AC5C	uint16_t	
[1711]	38	0x2401AC5E	uint16_t	
[1712]	41	0x2401AC60	uint16_t	
[1713]	32	0x2401AC62	uint16_t	
[1714]	31	0x2401AC64	uint16_t	
[1715]	30	0x2401AC66	uint16_t	
[1716]	31	0x2401AC68	uint16_t	
[1717]	31	0x2401AC6A	uint16_t	
[1718]	38	0x2401AC6C	uint16_t	
[1719]	34	0x2401AC6E	uint16_t	
[1720]	39	0x2401AC70	uint16_t	
[1721]	31	0x2401AC72	uint16_t	
[1722]	37	0x2401AC74	uint16_t	
[1723]	42	0x2401AC76	uint16_t	
[1724]	40	0x2401AC78	uint16_t	
[1725]	28	0x2401AC7A	uint16_t	
[1726]	34	0x2401AC7C	uint16_t	
[1727]	31	0x2401AC7E	uint16_t	
[1728]	30	0x2401AC80	uint16_t	
[1729]	38	0x2401AC82	uint16_t	
[1730]	35	0x2401AC84	uint16_t	
[1731]	37	0x2401AC86	uint16_t	
[1732]	37	0x2401AC88	uint16_t	
[1733]	38	0x2401AC8A	uint16_t	
[1734]	27	0x2401AC8C	uint16_t	
[1735]	31	0x2401AC8E	uint16_t	
[1736]	30	0x2401AC90	uint16_t	
[1737]	33	0x2401AC92	uint16_t	
[1738]	32	0x2401AC94	uint16_t	
[1739]	30	0x2401AC96	uint16_t	
[1740]	33	0x2401AC98	uint16_t	
[1741]	34	0x2401AC9A	uint16_t	
[1742]	39	0x2401AC9C	uint16_t	
[1743]	30	0x2401AC9E	uint16_t	
[1744]	31	0x2401ACA0	uint16_t	
[1745]	31	0x2401ACA2	uint16_t	
[1746]	27	0x2401ACA4	uint16_t	
[1747]	36	0x2401ACA6	uint16_t	
[1748]	38	0x2401ACA8	uint16_t	
[1749]	34	0x2401ACAA	uint16_t	
[1750]	29	0x2401ACAC	uint16_t	
[1751]	30	0x2401ACAE	uint16_t	
[1752]	34	0x2401ACB0	uint16_t	
[1753]	31	0x2401ACB2	uint16_t	
[1754]	34	0x2401ACB4	uint16_t	
[1755]	36	0x2401ACB6	uint16_t	
[1756]	40	0x2401ACB8	uint16_t	
[1757]	52	0x2401ACBA	uint16_t	
[1758]	33	0x2401ACBC	uint16_t	
[1759]	27	0x2401ACBE	uint16_t	
[1760]	32	0x2401ACC0	uint16_t	
[1761]	26	0x2401ACC2	uint16_t	
[1762]	34	0x2401ACC4	uint16_t	
[1763]	39	0x2401ACC6	uint16_t	
[1764]	38	0x2401ACC8	uint16_t	
[1765]	32	0x2401ACCA	uint16_t	
[1766]	28	0x2401ACCC	uint16_t	
[1767]	35	0x2401ACCE	uint16_t	
[1768]	58	0x2401ACD0	uint16_t	
[1769]	30	0x2401ACD2	uint16_t	
[1770]	40	0x2401ACD4	uint16_t	
[1771]	42	0x2401ACD6	uint16_t	
[1772]	31	0x2401ACD8	uint16_t	
[1773]	39	0x2401ACDA	uint16_t	
[1774]	45	0x2401ACDC	uint16_t	
[1775]	44	0x2401ACDE	uint16_t	
[1776]	40	0x2401ACE0	uint16_t	
[1777]	37	0x2401ACE2	uint16_t	
[1778]	34	0x2401ACE4	uint16_t	
[1779]	31	0x2401ACE6	uint16_t	
[1780]	31	0x2401ACE8	uint16_t	
[1781]	39	0x2401ACEA	uint16_t	
[1782]	34	0x2401ACEC	uint16_t	
[1783]	36	0x2401ACEE	uint16_t	
[1784]	33	0x2401ACF0	uint16_t	
[1785]	35	0x2401ACF2	uint16_t	
[1786]	25	0x2401ACF4	uint16_t	
[1787]	34	0x2401ACF6	uint16_t	
[1788]	32	0x2401ACF8	uint16_t	
[1789]	38	0x2401ACFA	uint16_t	
[1790]	28	0x2401ACFC	uint16_t	
[1791]	31	0x2401ACFE	uint16_t	
[1792]	33	0x2401AD00	uint16_t	
[1793]	20	0x2401AD02	uint16_t	
[1794]	35	0x2401AD04	uint16_t	
[1795]	28	0x2401AD06	uint16_t	
[1796]	40	0x2401AD08	uint16_t	
[1797]	40	0x2401AD0A	uint16_t	
[1798]	34	0x2401AD0C	uint16_t	
[1799]	33	0x2401AD0E	uint16_t	
[1800]	36	0x2401AD10	uint16_t	
[1801]	37	0x2401AD12	uint16_t	
[1802]	33	0x2401AD14	uint16_t	
[1803]	30	0x2401AD16	uint16_t	
[1804]	40	0x2401AD18	uint16_t	
[1805]	35	0x2401AD1A	uint16_t	
[1806]	28	0x2401AD1C	uint16_t	
[1807]	33	0x2401AD1E	uint16_t	
[1808]	28	0x2401AD20	uint16_t	
[1809]	35	0x2401AD22	uint16_t	
[1810]	23	0x2401AD24	uint16_t	
[1811]	42	0x2401AD26	uint16_t	
[1812]	32	0x2401AD28	uint16_t	
[1813]	31	0x2401AD2A	uint16_t	
[1814]	9591	0x2401AD2C	uint16_t	
[1815]	9608	0x2401AD2E	uint16_t	
[1816]	9592	0x2401AD30	uint16_t	
[1817]	9552	0x2401AD32	uint16_t	
[1818]	9572	0x2401AD34	uint16_t	
[1819]	9565	0x2401AD36	uint16_t	
[1820]	9537	0x2401AD38	uint16_t	
[1821]	9591	0x2401AD3A	uint16_t	
[1822]	9530	0x2401AD3C	uint16_t	
[1823]	9543	0x2401AD3E	uint16_t	
[1824]	9546	0x2401AD40	uint16_t	
[1825]	9515	0x2401AD42	uint16_t	
[1826]	9538	0x2401AD44	uint16_t	
[1827]	9582	0x2401AD46	uint16_t	
[1828]	9564	0x2401AD48	uint16_t	
[1829]	9525	0x2401AD4A	uint16_t	
[1830]	9498	0x2401AD4C	uint16_t	
[1831]	9545	0x2401AD4E	uint16_t	
[1832]	9526	0x2401AD50	uint16_t	
[1833]	9538	0x2401AD52	uint16_t	
[1834]	9538	0x2401AD54	uint16_t	
[1835]	9556	0x2401AD56	uint16_t	
[1836]	9528	0x2401AD58	uint16_t	
[1837]	9525	0x2401AD5A	uint16_t	
[1838]	9548	0x2401AD5C	uint16_t	
[1839]	9556	0x2401AD5E	uint16_t	
[1840]	9530	0x2401AD60	uint16_t	
[1841]	9576	0x2401AD62	uint16_t	
[1842]	9531	0x2401AD64	uint16_t	
[1843]	9506	0x2401AD66	uint16_t	
[1844]	9520	0x2401AD68	uint16_t	
[1845]	9549	0x2401AD6A	uint16_t	
[1846]	9582	0x2401AD6C	uint16_t	
[1847]	9572	0x2401AD6E	uint16_t	
[1848]	9578	0x2401AD70	uint16_t	
[1849]	9530	0x2401AD72	uint16_t	
[1850]	9496	0x2401AD74	uint16_t	
[1851]	9508	0x2401AD76	uint16_t	
[1852]	9555	0x2401AD78	uint16_t	
[1853]	9542	0x2401AD7A	uint16_t	
[1854]	9504	0x2401AD7C	uint16_t	
[1855]	9578	0x2401AD7E	uint16_t	
[1856]	9525	0x2401AD80	uint16_t	
[1857]	9523	0x2401AD82	uint16_t	
[1858]	9566	0x2401AD84	uint16_t	
[1859]	9544	0x2401AD86	uint16_t	
[1860]	9500	0x2401AD88	uint16_t	
[1861]	35	0x2401AD8A	uint16_t	
[1862]	29	0x2401AD8C	uint16_t	
[1863]	50	0x2401AD8E	uint16_t	
[1864]	40	0x2401AD90	uint16_t	
[1865]	38	0x2401AD92	uint16_t	
[1866]	33	0x2401AD94	uint16_t	
[1867]	32	0x2401AD96	uint16_t	
[1868]	26	0x2401AD98	uint16_t	
[1869]	32	0x2401AD9A	uint16_t	
[1870]	34	0x2401AD9C	uint16_t	
[1871]	31	0x2401AD9E	uint16_t	
[1872]	36	0x2401ADA0	uint16_t	
[1873]	34	0x2401ADA2	uint16_t	
[1874]	34	0x2401ADA4	uint16_t	
[1875]	33	0x2401ADA6	uint16_t	
[1876]	39	0x2401ADA8	uint16_t	
[1877]	37	0x2401ADAA	uint16_t	
[1878]	35	0x2401ADAC	uint16_t	
[1879]	29	0x2401ADAE	uint16_t	
[1880]	29	0x2401ADB0	uint16_t	
[1881]	29	0x2401ADB2	uint16_t	
[1882]	43	0x2401ADB4	uint16_t	
[1883]	43	0x2401ADB6	uint16_t	
[1884]	34	0x2401ADB8	uint16_t	
[1885]	41	0x2401ADBA	uint16_t	
[1886]	32	0x2401ADBC	uint16_t	
[1887]	28	0x2401ADBE	uint16_t	
[1888]	31	0x2401ADC0	uint16_t	
[1889]	34	0x2401ADC2	uint16_t	
[1890]	29	0x2401ADC4	uint16_t	
[1891]	36	0x2401ADC6	uint16_t	
[1892]	39	0x2401ADC8	uint16_t	
[1893]	41	0x2401ADCA	uint16_t	
[1894]	23	0x2401ADCC	uint16_t	
[1895]	37	0x2401ADCE	uint16_t	
[1896]	35	0x2401ADD0	uint16_t	
[1897]	28	0x2401ADD2	uint16_t	
[1898]	26	0x2401ADD4	uint16_t	
[1899]	35	0x2401ADD6	uint16_t	
[1900]	32	0x2401ADD8	uint16_t	
[1901]	37	0x2401ADDA	uint16_t	
[1902]	31	0x2401ADDC	uint16_t	
[1903]	38	0x2401ADDE	uint16_t	
[1904]	31	0x2401ADE0	uint16_t	
[1905]	41	0x2401ADE2	uint16_t	
[1906]	27	0x2401ADE4	uint16_t	
[1907]	26	0x2401ADE6	uint16_t	
[1908]	37	0x2401ADE8	uint16_t	
[1909]	30	0x2401ADEA	uint16_t	
[1910]	39	0x2401ADEC	uint16_t	
[1911]	39	0x2401ADEE	uint16_t	
[1912]	38	0x2401ADF0	uint16_t	
[1913]	40	0x2401ADF2	uint16_t	
[1914]	23	0x2401ADF4	uint16_t	
[1915]	39	0x2401ADF6	uint16_t	
[1916]	36	0x2401ADF8	uint16_t	
[1917]	34	0x2401ADFA	uint16_t	
[1918]	39	0x2401ADFC	uint16_t	
[1919]	32	0x2401ADFE	uint16_t	
[1920]	31	0x2401AE00	uint16_t	
[1921]	32	0x2401AE02	uint16_t	
[1922]	55	0x2401AE04	uint16_t	
[1923]	37	0x2401AE06	uint16_t	
[1924]	50	0x2401AE08	uint16_t	
[1925]	41	0x2401AE0A	uint16_t	
[1926]	38	0x2401AE0C	uint16_t	
[1927]	34	0x2401AE0E	uint16_t	
[1928]	35	0x2401AE10	uint16_t	
[1929]	40	0x2401AE12	uint16_t	
[1930]	24	0x2401AE14	uint16_t	
[1931]	38	0x2401AE16	uint16_t	
[1932]	31	0x2401AE18	uint16_t	
[1933]	51	0x2401AE1A	uint16_t	
[1934]	64	0x2401AE1C	uint16_t	
[1935]	34	0x2401AE1E	uint16_t	
[1936]	15	0x2401AE20	uint16_t	
[1937]	33	0x2401AE22	uint16_t	
[1938]	33	0x2401AE24	uint16_t	
[1939]	44	0x2401AE26	uint16_t	
[1940]	29	0x2401AE28	uint16_t	
[1941]	31	0x2401AE2A	uint16_t	
[1942]	36	0x2401AE2C	uint16_t	
[1943]	30	0x2401AE2E	uint16_t	
[1944]	41	0x2401AE30	uint16_t	
[1945]	43	0x2401AE32	uint16_t	
[1946]	34	0x2401AE34	uint16_t	
[1947]	36	0x2401AE36	uint16_t	
[1948]	35	0x2401AE38	uint16_t	
[1949]	38	0x2401AE3A	uint16_t	
[1950]	36	0x2401AE3C	uint16_t	
[1951]	40	0x2401AE3E	uint16_t	
[1952]	31	0x2401AE40	uint16_t	
[1953]	40	0x2401AE42	uint16_t	
[1954]	40	0x2401AE44	uint16_t	
[1955]	40	0x2401AE46	uint16_t	
[1956]	27	0x2401AE48	uint16_t	
[1957]	32	0x2401AE4A	uint16_t	
[1958]	33	0x2401AE4C	uint16_t	
[1959]	23	0x2401AE4E	uint16_t	
[1960]	37	0x2401AE50	uint16_t	
[1961]	23	0x2401AE52	uint16_t	
[1962]	72	0x2401AE54	uint16_t	
[1963]	30	0x2401AE56	uint16_t	
[1964]	38	0x2401AE58	uint16_t	
[1965]	40	0x2401AE5A	uint16_t	
[1966]	36	0x2401AE5C	uint16_t	
[1967]	32	0x2401AE5E	uint16_t	
[1968]	45	0x2401AE60	uint16_t	
[1969]	40	0x2401AE62	uint16_t	
[1970]	31	0x2401AE64	uint16_t	
[1971]	0	0x2401AE66	uint16_t	
[1972]	38	0x2401AE68	uint16_t	
[1973]	36	0x2401AE6A	uint16_t	
[1974]	46	0x2401AE6C	uint16_t	
[1975]	35	0x2401AE6E	uint16_t	
[1976]	37	0x2401AE70	uint16_t	
[1977]	46	0x2401AE72	uint16_t	
[1978]	38	0x2401AE74	uint16_t	
[1979]	40	0x2401AE76	uint16_t	
[1980]	43	0x2401AE78	uint16_t	
[1981]	36	0x2401AE7A	uint16_t	
[1982]	41	0x2401AE7C	uint16_t	
[1983]	0	0x2401AE7E	uint16_t	
[1984]	33	0x2401AE80	uint16_t	
[1985]	41	0x2401AE82	uint16_t	
[1986]	37	0x2401AE84	uint16_t	
[1987]	44	0x2401AE86	uint16_t	
[1988]	36	0x2401AE88	uint16_t	
[1989]	29	0x2401AE8A	uint16_t	
[1990]	46	0x2401AE8C	uint16_t	
[1991]	34	0x2401AE8E	uint16_t	
[1992]	37	0x2401AE90	uint16_t	
[1993]	42	0x2401AE92	uint16_t	
[1994]	37	0x2401AE94	uint16_t	
[1995]	40	0x2401AE96	uint16_t	
[1996]	38	0x2401AE98	uint16_t	
[1997]	31	0x2401AE9A	uint16_t	
[1998]	36	0x2401AE9C	uint16_t	
[1999]	31	0x2401AE9E	uint16_t	
[2000]	30	0x2401AEA0	uint16_t	
[2001]	31	0x2401AEA2	uint16_t	
[2002]	40	0x2401AEA4	uint16_t	
[2003]	34	0x2401AEA6	uint16_t	
[2004]	42	0x2401AEA8	uint16_t	
[2005]	23	0x2401AEAA	uint16_t	
[2006]	29	0x2401AEAC	uint16_t	
[2007]	30	0x2401AEAE	uint16_t	
[2008]	38	0x2401AEB0	uint16_t	
[2009]	47	0x2401AEB2	uint16_t	
[2010]	33	0x2401AEB4	uint16_t	
[2011]	42	0x2401AEB6	uint16_t	
[2012]	45	0x2401AEB8	uint16_t	
[2013]	33	0x2401AEBA	uint16_t	
[2014]	36	0x2401AEBC	uint16_t	
[2015]	40	0x2401AEBE	uint16_t	
[2016]	5	0x2401AEC0	uint16_t	
[2017]	32	0x2401AEC2	uint16_t	
[2018]	36	0x2401AEC4	uint16_t	
[2019]	35	0x2401AEC6	uint16_t	
[2020]	29	0x2401AEC8	uint16_t	
[2021]	34	0x2401AECA	uint16_t	
[2022]	45	0x2401AECC	uint16_t	
[2023]	37	0x2401AECE	uint16_t	
[2024]	45	0x2401AED0	uint16_t	
[2025]	20	0x2401AED2	uint16_t	
[2026]	38	0x2401AED4	uint16_t	
[2027]	40	0x2401AED6	uint16_t	
[2028]	37	0x2401AED8	uint16_t	
[2029]	29	0x2401AEDA	uint16_t	
[2030]	41	0x2401AEDC	uint16_t	
[2031]	30	0x2401AEDE	uint16_t	
[2032]	30	0x2401AEE0	uint16_t	
[2033]	41	0x2401AEE2	uint16_t	
[2034]	31	0x2401AEE4	uint16_t	
[2035]	39	0x2401AEE6	uint16_t	
[2036]	39	0x2401AEE8	uint16_t	
[2037]	37	0x2401AEEA	uint16_t	
[2038]	44	0x2401AEEC	uint16_t	
[2039]	34	0x2401AEEE	uint16_t	
[2040]	41	0x2401AEF0	uint16_t	
[2041]	30	0x2401AEF2	uint16_t	
[2042]	34	0x2401AEF4	uint16_t	
[2043]	41	0x2401AEF6	uint16_t	
[2044]	40	0x2401AEF8	uint16_t	
[2045]	32	0x2401AEFA	uint16_t	
[2046]	36	0x2401AEFC	uint16_t	
[2047]	28	0x2401AEFE	uint16_t	
